{"/mnt/c/da/14-04-26/b/DEVKree/src/app/kree/kree.component.ts": {"path":"/mnt/c/da/14-04-26/b/DEVKree/src/app/kree/kree.component.ts","all":false,"statementMap":{"0":{"start":{"line":1,"column":0},"end":{"line":1,"column":8}},"1":{"start":{"line":2,"column":0},"end":{"line":2,"column":12}},"2":{"start":{"line":3,"column":0},"end":{"line":3,"column":9}},"3":{"start":{"line":4,"column":0},"end":{"line":4,"column":9}},"4":{"start":{"line":5,"column":0},"end":{"line":5,"column":23}},"5":{"start":{"line":6,"column":0},"end":{"line":6,"column":47}},"6":{"start":{"line":7,"column":0},"end":{"line":7,"column":47}},"7":{"start":{"line":8,"column":0},"end":{"line":8,"column":56}},"8":{"start":{"line":9,"column":0},"end":{"line":9,"column":0}},"9":{"start":{"line":10,"column":0},"end":{"line":10,"column":12}},"10":{"start":{"line":11,"column":0},"end":{"line":11,"column":23}},"11":{"start":{"line":12,"column":0},"end":{"line":12,"column":19}},"12":{"start":{"line":13,"column":0},"end":{"line":13,"column":12}},"13":{"start":{"line":14,"column":0},"end":{"line":14,"column":17}},"14":{"start":{"line":15,"column":0},"end":{"line":15,"column":17}},"15":{"start":{"line":16,"column":0},"end":{"line":16,"column":4}},"16":{"start":{"line":17,"column":0},"end":{"line":17,"column":46}},"17":{"start":{"line":18,"column":0},"end":{"line":18,"column":40}},"18":{"start":{"line":19,"column":0},"end":{"line":19,"column":2}},"19":{"start":{"line":20,"column":0},"end":{"line":20,"column":46}},"20":{"start":{"line":21,"column":0},"end":{"line":21,"column":55}},"21":{"start":{"line":22,"column":0},"end":{"line":22,"column":50}},"22":{"start":{"line":23,"column":0},"end":{"line":23,"column":0}},"23":{"start":{"line":24,"column":0},"end":{"line":24,"column":20}},"24":{"start":{"line":25,"column":0},"end":{"line":25,"column":29}},"25":{"start":{"line":26,"column":0},"end":{"line":26,"column":3}},"26":{"start":{"line":27,"column":0},"end":{"line":27,"column":0}},"27":{"start":{"line":28,"column":0},"end":{"line":28,"column":23}},"28":{"start":{"line":29,"column":0},"end":{"line":29,"column":31}},"29":{"start":{"line":30,"column":0},"end":{"line":30,"column":3}},"30":{"start":{"line":31,"column":0},"end":{"line":31,"column":1}}},"s":{"0":2,"1":1,"2":1,"3":1,"4":1,"5":1,"6":1,"7":1,"8":1,"9":1,"10":1,"11":1,"12":1,"13":1,"14":1,"15":1,"16":1,"17":1,"18":1,"19":1,"20":2,"21":2,"22":1,"23":1,"24":2,"25":2,"26":1,"27":1,"28":1,"29":1,"30":1},"branchMap":{"0":{"type":"branch","line":20,"loc":{"start":{"line":20,"column":13},"end":{"line":20,"column":45}},"locations":[{"start":{"line":20,"column":13},"end":{"line":20,"column":45}}]},"1":{"type":"branch","line":1,"loc":{"start":{"line":1,"column":0},"end":{"line":1,"column":8}},"locations":[{"start":{"line":1,"column":0},"end":{"line":1,"column":8}}]},"2":{"type":"branch","line":1,"loc":{"start":{"line":1,"column":0},"end":{"line":1,"column":8}},"locations":[{"start":{"line":1,"column":0},"end":{"line":1,"column":8}}]},"3":{"type":"branch","line":1,"loc":{"start":{"line":1,"column":0},"end":{"line":1,"column":8}},"locations":[{"start":{"line":1,"column":0},"end":{"line":1,"column":8}}]},"4":{"type":"branch","line":1,"loc":{"start":{"line":1,"column":0},"end":{"line":1,"column":8}},"locations":[{"start":{"line":1,"column":0},"end":{"line":1,"column":8}}]},"5":{"type":"branch","line":1,"loc":{"start":{"line":1,"column":0},"end":{"line":1,"column":8}},"locations":[{"start":{"line":1,"column":0},"end":{"line":1,"column":8}}]},"6":{"type":"branch","line":1,"loc":{"start":{"line":1,"column":0},"end":{"line":1,"column":8}},"locations":[{"start":{"line":1,"column":0},"end":{"line":1,"column":8}}]},"7":{"type":"branch","line":1,"loc":{"start":{"line":1,"column":0},"end":{"line":1,"column":8}},"locations":[{"start":{"line":1,"column":0},"end":{"line":1,"column":8}}]},"8":{"type":"branch","line":1,"loc":{"start":{"line":1,"column":0},"end":{"line":1,"column":8}},"locations":[{"start":{"line":1,"column":0},"end":{"line":1,"column":8}}]},"9":{"type":"branch","line":1,"loc":{"start":{"line":1,"column":0},"end":{"line":1,"column":8}},"locations":[{"start":{"line":1,"column":0},"end":{"line":1,"column":8}}]},"10":{"type":"branch","line":1,"loc":{"start":{"line":1,"column":0},"end":{"line":1,"column":8}},"locations":[{"start":{"line":1,"column":0},"end":{"line":1,"column":8}}]},"11":{"type":"branch","line":1,"loc":{"start":{"line":1,"column":0},"end":{"line":1,"column":8}},"locations":[{"start":{"line":1,"column":0},"end":{"line":1,"column":8}}]},"12":{"type":"branch","line":1,"loc":{"start":{"line":1,"column":0},"end":{"line":1,"column":8}},"locations":[{"start":{"line":1,"column":0},"end":{"line":1,"column":8}}]},"13":{"type":"branch","line":1,"loc":{"start":{"line":1,"column":0},"end":{"line":1,"column":8}},"locations":[{"start":{"line":1,"column":0},"end":{"line":1,"column":8}}]},"14":{"type":"branch","line":1,"loc":{"start":{"line":1,"column":0},"end":{"line":1,"column":8}},"locations":[{"start":{"line":1,"column":0},"end":{"line":1,"column":8}}]},"15":{"type":"branch","line":20,"loc":{"start":{"line":20,"column":7},"end":{"line":22,"column":50}},"locations":[{"start":{"line":20,"column":7},"end":{"line":22,"column":50}}]},"16":{"type":"branch","line":24,"loc":{"start":{"line":24,"column":2},"end":{"line":26,"column":3}},"locations":[{"start":{"line":24,"column":2},"end":{"line":26,"column":3}}]},"17":{"type":"branch","line":28,"loc":{"start":{"line":28,"column":2},"end":{"line":30,"column":3}},"locations":[{"start":{"line":28,"column":2},"end":{"line":30,"column":3}}]}},"b":{"0":[0],"1":[1],"2":[1],"3":[1],"4":[0],"5":[2],"6":[1],"7":[1],"8":[0],"9":[0],"10":[0],"11":[0],"12":[0],"13":[0],"14":[2],"15":[2],"16":[2],"17":[1]},"fnMap":{"0":{"name":"__name","decl":{"start":{"line":1,"column":0},"end":{"line":1,"column":8}},"loc":{"start":{"line":1,"column":0},"end":{"line":1,"column":8}},"line":1},"1":{"name":"__export","decl":{"start":{"line":1,"column":0},"end":{"line":1,"column":8}},"loc":{"start":{"line":1,"column":0},"end":{"line":1,"column":8}},"line":1},"2":{"name":"__copyProps","decl":{"start":{"line":1,"column":0},"end":{"line":1,"column":8}},"loc":{"start":{"line":1,"column":0},"end":{"line":1,"column":8}},"line":1},"3":{"name":"get","decl":{"start":{"line":1,"column":0},"end":{"line":1,"column":8}},"loc":{"start":{"line":1,"column":0},"end":{"line":1,"column":8}},"line":1},"4":{"name":"__toCommonJS","decl":{"start":{"line":1,"column":0},"end":{"line":1,"column":8}},"loc":{"start":{"line":1,"column":0},"end":{"line":1,"column":8}},"line":1},"5":{"name":"__decorateClass","decl":{"start":{"line":1,"column":0},"end":{"line":1,"column":8}},"loc":{"start":{"line":1,"column":0},"end":{"line":1,"column":8}},"line":1},"6":{"name":"KreeComponent","decl":{"start":{"line":1,"column":0},"end":{"line":1,"column":8}},"loc":{"start":{"line":1,"column":0},"end":{"line":1,"column":8}},"line":1},"7":{"name":"KreeComponent","decl":{"start":{"line":20,"column":7},"end":{"line":22,"column":50}},"loc":{"start":{"line":20,"column":7},"end":{"line":22,"column":50}},"line":20},"8":{"name":"ngOnInit","decl":{"start":{"line":24,"column":2},"end":{"line":26,"column":3}},"loc":{"start":{"line":24,"column":2},"end":{"line":26,"column":3}},"line":24},"9":{"name":"toggleTheme","decl":{"start":{"line":28,"column":2},"end":{"line":30,"column":3}},"loc":{"start":{"line":28,"column":2},"end":{"line":30,"column":3}},"line":28}},"f":{"0":1,"1":1,"2":1,"3":2,"4":1,"5":1,"6":2,"7":2,"8":2,"9":1}}
,"/mnt/c/da/14-04-26/b/DEVKree/src/app/kree/auth/auth.component.ts": {"path":"/mnt/c/da/14-04-26/b/DEVKree/src/app/kree/auth/auth.component.ts","all":false,"statementMap":{"0":{"start":{"line":1,"column":0},"end":{"line":1,"column":53}},"1":{"start":{"line":2,"column":0},"end":{"line":2,"column":47}},"2":{"start":{"line":3,"column":0},"end":{"line":3,"column":45}},"3":{"start":{"line":4,"column":0},"end":{"line":4,"column":41}},"4":{"start":{"line":5,"column":0},"end":{"line":5,"column":55}},"5":{"start":{"line":6,"column":0},"end":{"line":6,"column":0}},"6":{"start":{"line":7,"column":0},"end":{"line":7,"column":64}},"7":{"start":{"line":8,"column":0},"end":{"line":8,"column":0}},"8":{"start":{"line":9,"column":0},"end":{"line":9,"column":12}},"9":{"start":{"line":10,"column":0},"end":{"line":10,"column":24}},"10":{"start":{"line":11,"column":0},"end":{"line":11,"column":19}},"11":{"start":{"line":12,"column":0},"end":{"line":12,"column":39}},"12":{"start":{"line":13,"column":0},"end":{"line":13,"column":39}},"13":{"start":{"line":14,"column":0},"end":{"line":14,"column":38}},"14":{"start":{"line":15,"column":0},"end":{"line":15,"column":2}},"15":{"start":{"line":16,"column":0},"end":{"line":16,"column":49}},"16":{"start":{"line":17,"column":0},"end":{"line":17,"column":28}},"17":{"start":{"line":18,"column":0},"end":{"line":18,"column":18}},"18":{"start":{"line":19,"column":0},"end":{"line":19,"column":16}},"19":{"start":{"line":20,"column":0},"end":{"line":20,"column":46}},"20":{"start":{"line":21,"column":0},"end":{"line":21,"column":16}},"21":{"start":{"line":22,"column":0},"end":{"line":22,"column":18}},"22":{"start":{"line":23,"column":0},"end":{"line":23,"column":15}},"23":{"start":{"line":24,"column":0},"end":{"line":24,"column":18}},"24":{"start":{"line":25,"column":0},"end":{"line":25,"column":17}},"25":{"start":{"line":26,"column":0},"end":{"line":26,"column":0}},"26":{"start":{"line":27,"column":0},"end":{"line":27,"column":25}},"27":{"start":{"line":28,"column":0},"end":{"line":28,"column":30}},"28":{"start":{"line":29,"column":0},"end":{"line":29,"column":70}},"29":{"start":{"line":30,"column":0},"end":{"line":30,"column":15}},"30":{"start":{"line":31,"column":0},"end":{"line":31,"column":54}},"31":{"start":{"line":32,"column":0},"end":{"line":32,"column":56}},"32":{"start":{"line":33,"column":0},"end":{"line":33,"column":47}},"33":{"start":{"line":34,"column":0},"end":{"line":34,"column":51}},"34":{"start":{"line":35,"column":0},"end":{"line":35,"column":49}},"35":{"start":{"line":36,"column":0},"end":{"line":36,"column":48}},"36":{"start":{"line":37,"column":0},"end":{"line":37,"column":47}},"37":{"start":{"line":38,"column":0},"end":{"line":38,"column":47}},"38":{"start":{"line":39,"column":0},"end":{"line":39,"column":48}},"39":{"start":{"line":40,"column":0},"end":{"line":40,"column":47}},"40":{"start":{"line":41,"column":0},"end":{"line":41,"column":53}},"41":{"start":{"line":42,"column":0},"end":{"line":42,"column":47}},"42":{"start":{"line":43,"column":0},"end":{"line":43,"column":47}},"43":{"start":{"line":44,"column":0},"end":{"line":44,"column":48}},"44":{"start":{"line":45,"column":0},"end":{"line":45,"column":46}},"45":{"start":{"line":46,"column":0},"end":{"line":46,"column":55}},"46":{"start":{"line":47,"column":0},"end":{"line":47,"column":51}},"47":{"start":{"line":48,"column":0},"end":{"line":48,"column":54}},"48":{"start":{"line":49,"column":0},"end":{"line":49,"column":50}},"49":{"start":{"line":50,"column":0},"end":{"line":50,"column":48}},"50":{"start":{"line":51,"column":0},"end":{"line":51,"column":4}},"51":{"start":{"line":52,"column":0},"end":{"line":52,"column":0}},"52":{"start":{"line":53,"column":0},"end":{"line":53,"column":61}},"53":{"start":{"line":54,"column":0},"end":{"line":54,"column":0}},"54":{"start":{"line":55,"column":0},"end":{"line":55,"column":14}},"55":{"start":{"line":56,"column":0},"end":{"line":56,"column":30}},"56":{"start":{"line":57,"column":0},"end":{"line":57,"column":27}},"57":{"start":{"line":58,"column":0},"end":{"line":58,"column":6}},"58":{"start":{"line":59,"column":0},"end":{"line":59,"column":0}},"59":{"start":{"line":60,"column":0},"end":{"line":60,"column":23}},"60":{"start":{"line":61,"column":0},"end":{"line":61,"column":67}},"61":{"start":{"line":62,"column":0},"end":{"line":62,"column":3}},"62":{"start":{"line":63,"column":0},"end":{"line":63,"column":0}},"63":{"start":{"line":64,"column":0},"end":{"line":64,"column":35}},"64":{"start":{"line":65,"column":0},"end":{"line":65,"column":42}},"65":{"start":{"line":66,"column":0},"end":{"line":66,"column":63}},"66":{"start":{"line":67,"column":0},"end":{"line":67,"column":5}},"67":{"start":{"line":68,"column":0},"end":{"line":68,"column":27}},"68":{"start":{"line":69,"column":0},"end":{"line":69,"column":3}},"69":{"start":{"line":70,"column":0},"end":{"line":70,"column":0}},"70":{"start":{"line":71,"column":0},"end":{"line":71,"column":22}},"71":{"start":{"line":72,"column":0},"end":{"line":72,"column":37}},"72":{"start":{"line":73,"column":0},"end":{"line":73,"column":13}},"73":{"start":{"line":74,"column":0},"end":{"line":74,"column":31}},"74":{"start":{"line":75,"column":0},"end":{"line":75,"column":13}},"75":{"start":{"line":76,"column":0},"end":{"line":76,"column":5}},"76":{"start":{"line":77,"column":0},"end":{"line":77,"column":48}},"77":{"start":{"line":78,"column":0},"end":{"line":78,"column":36}},"78":{"start":{"line":79,"column":0},"end":{"line":79,"column":12}},"79":{"start":{"line":80,"column":0},"end":{"line":80,"column":36}},"80":{"start":{"line":81,"column":0},"end":{"line":81,"column":5}},"81":{"start":{"line":82,"column":0},"end":{"line":82,"column":3}},"82":{"start":{"line":83,"column":0},"end":{"line":83,"column":0}},"83":{"start":{"line":84,"column":0},"end":{"line":84,"column":34}},"84":{"start":{"line":85,"column":0},"end":{"line":85,"column":37}},"85":{"start":{"line":86,"column":0},"end":{"line":86,"column":25}},"86":{"start":{"line":87,"column":0},"end":{"line":87,"column":42}},"87":{"start":{"line":88,"column":0},"end":{"line":88,"column":50}},"88":{"start":{"line":89,"column":0},"end":{"line":89,"column":5}},"89":{"start":{"line":90,"column":0},"end":{"line":90,"column":42}},"90":{"start":{"line":91,"column":0},"end":{"line":91,"column":46}},"91":{"start":{"line":92,"column":0},"end":{"line":92,"column":55}},"92":{"start":{"line":93,"column":0},"end":{"line":93,"column":5}},"93":{"start":{"line":94,"column":0},"end":{"line":94,"column":24}},"94":{"start":{"line":95,"column":0},"end":{"line":95,"column":3}},"95":{"start":{"line":96,"column":0},"end":{"line":96,"column":0}},"96":{"start":{"line":97,"column":0},"end":{"line":97,"column":32}},"97":{"start":{"line":98,"column":0},"end":{"line":98,"column":37}},"98":{"start":{"line":99,"column":0},"end":{"line":99,"column":3}},"99":{"start":{"line":100,"column":0},"end":{"line":100,"column":0}},"100":{"start":{"line":101,"column":0},"end":{"line":101,"column":45}},"101":{"start":{"line":102,"column":0},"end":{"line":102,"column":28}},"102":{"start":{"line":103,"column":0},"end":{"line":103,"column":57}},"103":{"start":{"line":104,"column":0},"end":{"line":104,"column":35}},"104":{"start":{"line":105,"column":0},"end":{"line":105,"column":87}},"105":{"start":{"line":106,"column":0},"end":{"line":106,"column":5}},"106":{"start":{"line":107,"column":0},"end":{"line":107,"column":3}},"107":{"start":{"line":108,"column":0},"end":{"line":108,"column":0}},"108":{"start":{"line":109,"column":0},"end":{"line":109,"column":75}},"109":{"start":{"line":110,"column":0},"end":{"line":110,"column":28}},"110":{"start":{"line":111,"column":0},"end":{"line":111,"column":35}},"111":{"start":{"line":112,"column":0},"end":{"line":112,"column":37}},"112":{"start":{"line":113,"column":0},"end":{"line":113,"column":67}},"113":{"start":{"line":114,"column":0},"end":{"line":114,"column":3}},"114":{"start":{"line":115,"column":0},"end":{"line":115,"column":0}},"115":{"start":{"line":116,"column":0},"end":{"line":116,"column":33}},"116":{"start":{"line":117,"column":0},"end":{"line":117,"column":37}},"117":{"start":{"line":118,"column":0},"end":{"line":118,"column":67}},"118":{"start":{"line":119,"column":0},"end":{"line":119,"column":3}},"119":{"start":{"line":120,"column":0},"end":{"line":120,"column":0}},"120":{"start":{"line":121,"column":0},"end":{"line":121,"column":45}},"121":{"start":{"line":122,"column":0},"end":{"line":122,"column":54}},"122":{"start":{"line":123,"column":0},"end":{"line":123,"column":24}},"123":{"start":{"line":124,"column":0},"end":{"line":124,"column":23}},"124":{"start":{"line":125,"column":0},"end":{"line":125,"column":0}},"125":{"start":{"line":126,"column":0},"end":{"line":126,"column":58}},"126":{"start":{"line":127,"column":0},"end":{"line":127,"column":79}},"127":{"start":{"line":128,"column":0},"end":{"line":128,"column":31}},"128":{"start":{"line":129,"column":0},"end":{"line":129,"column":0}},"129":{"start":{"line":130,"column":0},"end":{"line":130,"column":9}},"130":{"start":{"line":131,"column":0},"end":{"line":131,"column":63}},"131":{"start":{"line":132,"column":0},"end":{"line":132,"column":64}},"132":{"start":{"line":133,"column":0},"end":{"line":133,"column":13}},"133":{"start":{"line":134,"column":0},"end":{"line":134,"column":66}},"134":{"start":{"line":135,"column":0},"end":{"line":135,"column":5}},"135":{"start":{"line":136,"column":0},"end":{"line":136,"column":25}},"136":{"start":{"line":137,"column":0},"end":{"line":137,"column":3}},"137":{"start":{"line":138,"column":0},"end":{"line":138,"column":0}},"138":{"start":{"line":139,"column":0},"end":{"line":139,"column":40}},"139":{"start":{"line":140,"column":0},"end":{"line":140,"column":67}},"140":{"start":{"line":141,"column":0},"end":{"line":141,"column":24}},"141":{"start":{"line":142,"column":0},"end":{"line":142,"column":23}},"142":{"start":{"line":143,"column":0},"end":{"line":143,"column":0}},"143":{"start":{"line":144,"column":0},"end":{"line":144,"column":58}},"144":{"start":{"line":145,"column":0},"end":{"line":145,"column":79}},"145":{"start":{"line":146,"column":0},"end":{"line":146,"column":31}},"146":{"start":{"line":147,"column":0},"end":{"line":147,"column":0}},"147":{"start":{"line":148,"column":0},"end":{"line":148,"column":9}},"148":{"start":{"line":149,"column":0},"end":{"line":149,"column":71}},"149":{"start":{"line":150,"column":0},"end":{"line":150,"column":24}},"150":{"start":{"line":151,"column":0},"end":{"line":151,"column":45}},"151":{"start":{"line":152,"column":0},"end":{"line":152,"column":14}},"152":{"start":{"line":153,"column":0},"end":{"line":153,"column":24}},"153":{"start":{"line":154,"column":0},"end":{"line":154,"column":48}},"154":{"start":{"line":155,"column":0},"end":{"line":155,"column":29}},"155":{"start":{"line":156,"column":0},"end":{"line":156,"column":78}},"156":{"start":{"line":157,"column":0},"end":{"line":157,"column":16}},"157":{"start":{"line":158,"column":0},"end":{"line":158,"column":102}},"158":{"start":{"line":159,"column":0},"end":{"line":159,"column":9}},"159":{"start":{"line":160,"column":0},"end":{"line":160,"column":7}},"160":{"start":{"line":161,"column":0},"end":{"line":161,"column":13}},"161":{"start":{"line":162,"column":0},"end":{"line":162,"column":66}},"162":{"start":{"line":163,"column":0},"end":{"line":163,"column":5}},"163":{"start":{"line":164,"column":0},"end":{"line":164,"column":25}},"164":{"start":{"line":165,"column":0},"end":{"line":165,"column":3}},"165":{"start":{"line":166,"column":0},"end":{"line":166,"column":0}},"166":{"start":{"line":167,"column":0},"end":{"line":167,"column":41}},"167":{"start":{"line":168,"column":0},"end":{"line":168,"column":52}},"168":{"start":{"line":169,"column":0},"end":{"line":169,"column":24}},"169":{"start":{"line":170,"column":0},"end":{"line":170,"column":23}},"170":{"start":{"line":171,"column":0},"end":{"line":171,"column":0}},"171":{"start":{"line":172,"column":0},"end":{"line":172,"column":18}},"172":{"start":{"line":173,"column":0},"end":{"line":173,"column":75}},"173":{"start":{"line":174,"column":0},"end":{"line":174,"column":44}},"174":{"start":{"line":175,"column":0},"end":{"line":175,"column":81}},"175":{"start":{"line":176,"column":0},"end":{"line":176,"column":13}},"176":{"start":{"line":177,"column":0},"end":{"line":177,"column":30}},"177":{"start":{"line":178,"column":0},"end":{"line":178,"column":6}},"178":{"start":{"line":179,"column":0},"end":{"line":179,"column":0}},"179":{"start":{"line":180,"column":0},"end":{"line":180,"column":9}},"180":{"start":{"line":181,"column":0},"end":{"line":181,"column":46}},"181":{"start":{"line":182,"column":0},"end":{"line":182,"column":15}},"182":{"start":{"line":183,"column":0},"end":{"line":183,"column":45}},"183":{"start":{"line":184,"column":0},"end":{"line":184,"column":14}},"184":{"start":{"line":185,"column":0},"end":{"line":185,"column":59}},"185":{"start":{"line":186,"column":0},"end":{"line":186,"column":7}},"186":{"start":{"line":187,"column":0},"end":{"line":187,"column":13}},"187":{"start":{"line":188,"column":0},"end":{"line":188,"column":66}},"188":{"start":{"line":189,"column":0},"end":{"line":189,"column":5}},"189":{"start":{"line":190,"column":0},"end":{"line":190,"column":25}},"190":{"start":{"line":191,"column":0},"end":{"line":191,"column":3}},"191":{"start":{"line":192,"column":0},"end":{"line":192,"column":0}},"192":{"start":{"line":193,"column":0},"end":{"line":193,"column":18}},"193":{"start":{"line":194,"column":0},"end":{"line":194,"column":29}},"194":{"start":{"line":195,"column":0},"end":{"line":195,"column":23}},"195":{"start":{"line":196,"column":0},"end":{"line":196,"column":23}},"196":{"start":{"line":197,"column":0},"end":{"line":197,"column":22}},"197":{"start":{"line":198,"column":0},"end":{"line":198,"column":24}},"198":{"start":{"line":199,"column":0},"end":{"line":199,"column":3}},"199":{"start":{"line":200,"column":0},"end":{"line":200,"column":1}}},"s":{"0":1,"1":1,"2":1,"3":1,"4":1,"5":1,"6":1,"7":1,"8":1,"9":1,"10":1,"11":1,"12":1,"13":1,"14":1,"15":1,"16":1,"17":1,"18":1,"19":1,"20":1,"21":1,"22":1,"23":1,"24":1,"25":1,"26":1,"27":1,"28":1,"29":1,"30":1,"31":1,"32":1,"33":1,"34":1,"35":1,"36":1,"37":1,"38":1,"39":1,"40":1,"41":1,"42":1,"43":1,"44":1,"45":1,"46":1,"47":1,"48":1,"49":1,"50":1,"51":1,"52":1,"53":1,"54":1,"55":18,"56":18,"57":18,"58":1,"59":1,"60":0,"61":0,"62":1,"63":1,"64":1,"65":1,"66":1,"67":1,"68":1,"69":1,"70":1,"71":3,"72":3,"73":1,"74":1,"75":1,"76":3,"77":1,"78":1,"79":1,"80":1,"81":3,"82":1,"83":1,"84":6,"85":6,"86":6,"87":4,"88":4,"89":6,"90":2,"91":2,"92":2,"93":6,"94":6,"95":1,"96":1,"97":8,"98":8,"99":1,"100":1,"101":0,"102":0,"103":0,"104":0,"105":0,"106":0,"107":1,"108":1,"109":0,"110":0,"111":0,"112":0,"113":0,"114":1,"115":1,"116":0,"117":0,"118":0,"119":1,"120":1,"121":2,"122":2,"123":2,"124":2,"125":2,"126":0,"127":2,"128":2,"129":2,"130":2,"131":2,"132":2,"133":0,"134":0,"135":2,"136":2,"137":1,"138":1,"139":5,"140":5,"141":5,"142":5,"143":5,"144":0,"145":5,"146":5,"147":5,"148":5,"149":5,"150":1,"151":5,"152":4,"153":4,"154":1,"155":1,"156":4,"157":3,"158":3,"159":4,"160":5,"161":0,"162":0,"163":5,"164":5,"165":1,"166":1,"167":1,"168":1,"169":1,"170":1,"171":1,"172":1,"173":1,"174":0,"175":1,"176":1,"177":1,"178":1,"179":1,"180":1,"181":1,"182":1,"183":1,"184":0,"185":0,"186":1,"187":0,"188":0,"189":1,"190":1,"191":1,"192":1,"193":1,"194":1,"195":1,"196":1,"197":1,"198":1,"199":1},"branchMap":{"0":{"type":"branch","line":16,"loc":{"start":{"line":16,"column":13},"end":{"line":16,"column":48}},"locations":[{"start":{"line":16,"column":13},"end":{"line":16,"column":48}}]},"1":{"type":"branch","line":1,"loc":{"start":{"line":1,"column":0},"end":{"line":1,"column":37}},"locations":[{"start":{"line":1,"column":0},"end":{"line":1,"column":37}}]},"2":{"type":"branch","line":1,"loc":{"start":{"line":1,"column":0},"end":{"line":1,"column":37}},"locations":[{"start":{"line":1,"column":0},"end":{"line":1,"column":37}}]},"3":{"type":"branch","line":1,"loc":{"start":{"line":1,"column":0},"end":{"line":1,"column":37}},"locations":[{"start":{"line":1,"column":0},"end":{"line":1,"column":37}}]},"4":{"type":"branch","line":1,"loc":{"start":{"line":1,"column":0},"end":{"line":1,"column":37}},"locations":[{"start":{"line":1,"column":0},"end":{"line":1,"column":37}}]},"5":{"type":"branch","line":1,"loc":{"start":{"line":1,"column":0},"end":{"line":1,"column":37}},"locations":[{"start":{"line":1,"column":0},"end":{"line":1,"column":37}}]},"6":{"type":"branch","line":1,"loc":{"start":{"line":1,"column":0},"end":{"line":1,"column":37}},"locations":[{"start":{"line":1,"column":0},"end":{"line":1,"column":37}}]},"7":{"type":"branch","line":1,"loc":{"start":{"line":1,"column":0},"end":{"line":1,"column":37}},"locations":[{"start":{"line":1,"column":0},"end":{"line":1,"column":37}}]},"8":{"type":"branch","line":1,"loc":{"start":{"line":1,"column":0},"end":{"line":1,"column":37}},"locations":[{"start":{"line":1,"column":0},"end":{"line":1,"column":37}}]},"9":{"type":"branch","line":1,"loc":{"start":{"line":1,"column":0},"end":{"line":1,"column":37}},"locations":[{"start":{"line":1,"column":0},"end":{"line":1,"column":37}}]},"10":{"type":"branch","line":1,"loc":{"start":{"line":1,"column":0},"end":{"line":1,"column":37}},"locations":[{"start":{"line":1,"column":0},"end":{"line":1,"column":37}}]},"11":{"type":"branch","line":1,"loc":{"start":{"line":1,"column":0},"end":{"line":1,"column":37}},"locations":[{"start":{"line":1,"column":0},"end":{"line":1,"column":37}}]},"12":{"type":"branch","line":1,"loc":{"start":{"line":1,"column":0},"end":{"line":1,"column":37}},"locations":[{"start":{"line":1,"column":0},"end":{"line":1,"column":37}}]},"13":{"type":"branch","line":1,"loc":{"start":{"line":1,"column":0},"end":{"line":1,"column":37}},"locations":[{"start":{"line":1,"column":0},"end":{"line":1,"column":37}}]},"14":{"type":"branch","line":1,"loc":{"start":{"line":1,"column":0},"end":{"line":1,"column":37}},"locations":[{"start":{"line":1,"column":0},"end":{"line":1,"column":37}}]},"15":{"type":"branch","line":55,"loc":{"start":{"line":55,"column":2},"end":{"line":58,"column":6}},"locations":[{"start":{"line":55,"column":2},"end":{"line":58,"column":6}}]},"16":{"type":"branch","line":64,"loc":{"start":{"line":64,"column":2},"end":{"line":69,"column":3}},"locations":[{"start":{"line":64,"column":2},"end":{"line":69,"column":3}}]},"17":{"type":"branch","line":68,"loc":{"start":{"line":68,"column":4},"end":{"line":68,"column":27}},"locations":[{"start":{"line":68,"column":4},"end":{"line":68,"column":27}}]},"18":{"type":"branch","line":71,"loc":{"start":{"line":71,"column":2},"end":{"line":82,"column":3}},"locations":[{"start":{"line":71,"column":2},"end":{"line":82,"column":3}}]},"19":{"type":"branch","line":73,"loc":{"start":{"line":73,"column":12},"end":{"line":76,"column":5}},"locations":[{"start":{"line":73,"column":12},"end":{"line":76,"column":5}}]},"20":{"type":"branch","line":77,"loc":{"start":{"line":77,"column":4},"end":{"line":77,"column":27}},"locations":[{"start":{"line":77,"column":4},"end":{"line":77,"column":27}}]},"21":{"type":"branch","line":77,"loc":{"start":{"line":77,"column":22},"end":{"line":77,"column":47}},"locations":[{"start":{"line":77,"column":22},"end":{"line":77,"column":47}}]},"22":{"type":"branch","line":77,"loc":{"start":{"line":77,"column":47},"end":{"line":81,"column":5}},"locations":[{"start":{"line":77,"column":47},"end":{"line":81,"column":5}}]},"23":{"type":"branch","line":84,"loc":{"start":{"line":84,"column":2},"end":{"line":95,"column":3}},"locations":[{"start":{"line":84,"column":2},"end":{"line":95,"column":3}}]},"24":{"type":"branch","line":86,"loc":{"start":{"line":86,"column":12},"end":{"line":86,"column":25}},"locations":[{"start":{"line":86,"column":12},"end":{"line":86,"column":25}}]},"25":{"type":"branch","line":87,"loc":{"start":{"line":87,"column":41},"end":{"line":89,"column":5}},"locations":[{"start":{"line":87,"column":41},"end":{"line":89,"column":5}}]},"26":{"type":"branch","line":90,"loc":{"start":{"line":90,"column":4},"end":{"line":93,"column":5}},"locations":[{"start":{"line":90,"column":4},"end":{"line":93,"column":5}}]},"27":{"type":"branch","line":92,"loc":{"start":{"line":92,"column":30},"end":{"line":92,"column":55}},"locations":[{"start":{"line":92,"column":30},"end":{"line":92,"column":55}}]},"28":{"type":"branch","line":94,"loc":{"start":{"line":94,"column":4},"end":{"line":94,"column":24}},"locations":[{"start":{"line":94,"column":4},"end":{"line":94,"column":24}}]},"29":{"type":"branch","line":97,"loc":{"start":{"line":97,"column":2},"end":{"line":99,"column":3}},"locations":[{"start":{"line":97,"column":2},"end":{"line":99,"column":3}}]},"30":{"type":"branch","line":121,"loc":{"start":{"line":121,"column":2},"end":{"line":137,"column":3}},"locations":[{"start":{"line":121,"column":2},"end":{"line":137,"column":3}}]},"31":{"type":"branch","line":122,"loc":{"start":{"line":122,"column":47},"end":{"line":122,"column":54}},"locations":[{"start":{"line":122,"column":47},"end":{"line":122,"column":54}}]},"32":{"type":"branch","line":126,"loc":{"start":{"line":126,"column":51},"end":{"line":127,"column":79}},"locations":[{"start":{"line":126,"column":51},"end":{"line":127,"column":79}}]},"33":{"type":"branch","line":132,"loc":{"start":{"line":132,"column":18},"end":{"line":132,"column":64}},"locations":[{"start":{"line":132,"column":18},"end":{"line":132,"column":64}}]},"34":{"type":"branch","line":133,"loc":{"start":{"line":133,"column":4},"end":{"line":135,"column":5}},"locations":[{"start":{"line":133,"column":4},"end":{"line":135,"column":5}}]},"35":{"type":"branch","line":139,"loc":{"start":{"line":139,"column":2},"end":{"line":165,"column":3}},"locations":[{"start":{"line":139,"column":2},"end":{"line":165,"column":3}}]},"36":{"type":"branch","line":140,"loc":{"start":{"line":140,"column":60},"end":{"line":140,"column":67}},"locations":[{"start":{"line":140,"column":60},"end":{"line":140,"column":67}}]},"37":{"type":"branch","line":144,"loc":{"start":{"line":144,"column":51},"end":{"line":145,"column":79}},"locations":[{"start":{"line":144,"column":51},"end":{"line":145,"column":79}}]},"38":{"type":"branch","line":150,"loc":{"start":{"line":150,"column":23},"end":{"line":152,"column":13}},"locations":[{"start":{"line":150,"column":23},"end":{"line":152,"column":13}}]},"39":{"type":"branch","line":152,"loc":{"start":{"line":152,"column":6},"end":{"line":160,"column":7}},"locations":[{"start":{"line":152,"column":6},"end":{"line":160,"column":7}}]},"40":{"type":"branch","line":154,"loc":{"start":{"line":154,"column":47},"end":{"line":157,"column":15}},"locations":[{"start":{"line":154,"column":47},"end":{"line":157,"column":15}}]},"41":{"type":"branch","line":157,"loc":{"start":{"line":157,"column":8},"end":{"line":159,"column":9}},"locations":[{"start":{"line":157,"column":8},"end":{"line":159,"column":9}}]},"42":{"type":"branch","line":161,"loc":{"start":{"line":161,"column":4},"end":{"line":163,"column":5}},"locations":[{"start":{"line":161,"column":4},"end":{"line":163,"column":5}}]},"43":{"type":"branch","line":167,"loc":{"start":{"line":167,"column":2},"end":{"line":191,"column":3}},"locations":[{"start":{"line":167,"column":2},"end":{"line":191,"column":3}}]},"44":{"type":"branch","line":168,"loc":{"start":{"line":168,"column":45},"end":{"line":168,"column":52}},"locations":[{"start":{"line":168,"column":45},"end":{"line":168,"column":52}}]},"45":{"type":"branch","line":173,"loc":{"start":{"line":173,"column":68},"end":{"line":173,"column":75}},"locations":[{"start":{"line":173,"column":68},"end":{"line":173,"column":75}}]},"46":{"type":"branch","line":174,"loc":{"start":{"line":174,"column":37},"end":{"line":175,"column":81}},"locations":[{"start":{"line":174,"column":37},"end":{"line":175,"column":81}}]},"47":{"type":"branch","line":184,"loc":{"start":{"line":184,"column":6},"end":{"line":186,"column":7}},"locations":[{"start":{"line":184,"column":6},"end":{"line":186,"column":7}}]},"48":{"type":"branch","line":187,"loc":{"start":{"line":187,"column":4},"end":{"line":189,"column":5}},"locations":[{"start":{"line":187,"column":4},"end":{"line":189,"column":5}}]},"49":{"type":"branch","line":193,"loc":{"start":{"line":193,"column":2},"end":{"line":199,"column":3}},"locations":[{"start":{"line":193,"column":2},"end":{"line":199,"column":3}}]}},"b":{"0":[0],"1":[1],"2":[1],"3":[1],"4":[0],"5":[18],"6":[1],"7":[1],"8":[0],"9":[0],"10":[0],"11":[0],"12":[0],"13":[0],"14":[18],"15":[18],"16":[1],"17":[0],"18":[3],"19":[1],"20":[2],"21":[1],"22":[1],"23":[6],"24":[0],"25":[4],"26":[2],"27":[1],"28":[0],"29":[8],"30":[2],"31":[0],"32":[0],"33":[1],"34":[0],"35":[5],"36":[0],"37":[0],"38":[1],"39":[4],"40":[1],"41":[3],"42":[0],"43":[1],"44":[0],"45":[0],"46":[0],"47":[0],"48":[0],"49":[1]},"fnMap":{"0":{"name":"__name","decl":{"start":{"line":1,"column":0},"end":{"line":1,"column":37}},"loc":{"start":{"line":1,"column":0},"end":{"line":1,"column":37}},"line":1},"1":{"name":"__export","decl":{"start":{"line":1,"column":0},"end":{"line":1,"column":37}},"loc":{"start":{"line":1,"column":0},"end":{"line":1,"column":37}},"line":1},"2":{"name":"__copyProps","decl":{"start":{"line":1,"column":0},"end":{"line":1,"column":37}},"loc":{"start":{"line":1,"column":0},"end":{"line":1,"column":37}},"line":1},"3":{"name":"get","decl":{"start":{"line":1,"column":0},"end":{"line":1,"column":37}},"loc":{"start":{"line":1,"column":0},"end":{"line":1,"column":37}},"line":1},"4":{"name":"__toCommonJS","decl":{"start":{"line":1,"column":0},"end":{"line":1,"column":37}},"loc":{"start":{"line":1,"column":0},"end":{"line":1,"column":37}},"line":1},"5":{"name":"__decorateClass","decl":{"start":{"line":1,"column":0},"end":{"line":1,"column":37}},"loc":{"start":{"line":1,"column":0},"end":{"line":1,"column":37}},"line":1},"6":{"name":"AuthComponent","decl":{"start":{"line":1,"column":0},"end":{"line":1,"column":37}},"loc":{"start":{"line":1,"column":0},"end":{"line":1,"column":37}},"line":1},"7":{"name":"AuthComponent","decl":{"start":{"line":55,"column":2},"end":{"line":58,"column":6}},"loc":{"start":{"line":55,"column":2},"end":{"line":58,"column":6}},"line":55},"8":{"name":"ngOnDestroy","decl":{"start":{"line":60,"column":2},"end":{"line":62,"column":3}},"loc":{"start":{"line":60,"column":2},"end":{"line":62,"column":3}},"line":60},"9":{"name":"get displayIdentifier","decl":{"start":{"line":64,"column":2},"end":{"line":69,"column":3}},"loc":{"start":{"line":64,"column":2},"end":{"line":69,"column":3}},"line":64},"10":{"name":"detectType","decl":{"start":{"line":71,"column":2},"end":{"line":82,"column":3}},"loc":{"start":{"line":71,"column":2},"end":{"line":82,"column":3}},"line":71},"11":{"name":"get identifierValid","decl":{"start":{"line":84,"column":2},"end":{"line":95,"column":3}},"loc":{"start":{"line":84,"column":2},"end":{"line":95,"column":3}},"line":84},"12":{"name":"get passwordValid","decl":{"start":{"line":97,"column":2},"end":{"line":99,"column":3}},"loc":{"start":{"line":97,"column":2},"end":{"line":99,"column":3}},"line":97},"13":{"name":"toggleCountryDropdown","decl":{"start":{"line":101,"column":2},"end":{"line":107,"column":3}},"loc":{"start":{"line":101,"column":2},"end":{"line":107,"column":3}},"line":101},"14":{"name":"selectCountry","decl":{"start":{"line":109,"column":2},"end":{"line":114,"column":3}},"loc":{"start":{"line":109,"column":2},"end":{"line":114,"column":3}},"line":109},"15":{"name":"closeDropdown","decl":{"start":{"line":116,"column":10},"end":{"line":119,"column":3}},"loc":{"start":{"line":116,"column":10},"end":{"line":119,"column":3}},"line":116},"16":{"name":"onIdentifierSubmit","decl":{"start":{"line":121,"column":2},"end":{"line":137,"column":3}},"loc":{"start":{"line":121,"column":2},"end":{"line":137,"column":3}},"line":121},"17":{"name":"onLoginSubmit","decl":{"start":{"line":139,"column":2},"end":{"line":165,"column":3}},"loc":{"start":{"line":139,"column":2},"end":{"line":165,"column":3}},"line":139},"18":{"name":"onSignupSubmit","decl":{"start":{"line":167,"column":2},"end":{"line":191,"column":3}},"loc":{"start":{"line":167,"column":2},"end":{"line":191,"column":3}},"line":167},"19":{"name":"goBack","decl":{"start":{"line":193,"column":2},"end":{"line":199,"column":3}},"loc":{"start":{"line":193,"column":2},"end":{"line":199,"column":3}},"line":193}},"f":{"0":1,"1":1,"2":1,"3":18,"4":1,"5":1,"6":18,"7":18,"8":0,"9":1,"10":3,"11":6,"12":8,"13":0,"14":0,"15":0,"16":2,"17":5,"18":1,"19":1}}
,"/mnt/c/da/14-04-26/b/DEVKree/src/app/kree/dashboard/dashboard-home.component.ts": {"path":"/mnt/c/da/14-04-26/b/DEVKree/src/app/kree/dashboard/dashboard-home.component.ts","all":false,"statementMap":{"0":{"start":{"line":1,"column":0},"end":{"line":1,"column":42}},"1":{"start":{"line":2,"column":0},"end":{"line":2,"column":47}},"2":{"start":{"line":3,"column":0},"end":{"line":3,"column":0}},"3":{"start":{"line":4,"column":0},"end":{"line":4,"column":12}},"4":{"start":{"line":5,"column":0},"end":{"line":5,"column":34}},"5":{"start":{"line":6,"column":0},"end":{"line":6,"column":19}},"6":{"start":{"line":7,"column":0},"end":{"line":7,"column":26}},"7":{"start":{"line":8,"column":0},"end":{"line":8,"column":13}},"8":{"start":{"line":9,"column":0},"end":{"line":9,"column":30}},"9":{"start":{"line":10,"column":0},"end":{"line":10,"column":32}},"10":{"start":{"line":11,"column":0},"end":{"line":11,"column":31}},"11":{"start":{"line":12,"column":0},"end":{"line":12,"column":60}},"12":{"start":{"line":13,"column":0},"end":{"line":13,"column":115}},"13":{"start":{"line":14,"column":0},"end":{"line":14,"column":115}},"14":{"start":{"line":15,"column":0},"end":{"line":15,"column":84}},"15":{"start":{"line":16,"column":0},"end":{"line":16,"column":16}},"16":{"start":{"line":17,"column":0},"end":{"line":17,"column":14}},"17":{"start":{"line":18,"column":0},"end":{"line":18,"column":31}},"18":{"start":{"line":19,"column":0},"end":{"line":19,"column":72}},"19":{"start":{"line":20,"column":0},"end":{"line":20,"column":12}},"20":{"start":{"line":21,"column":0},"end":{"line":21,"column":0}},"21":{"start":{"line":22,"column":0},"end":{"line":22,"column":30}},"22":{"start":{"line":23,"column":0},"end":{"line":23,"column":31}},"23":{"start":{"line":24,"column":0},"end":{"line":24,"column":73}},"24":{"start":{"line":25,"column":0},"end":{"line":25,"column":41}},"25":{"start":{"line":26,"column":0},"end":{"line":26,"column":52}},"26":{"start":{"line":27,"column":0},"end":{"line":27,"column":14}},"27":{"start":{"line":28,"column":0},"end":{"line":28,"column":31}},"28":{"start":{"line":29,"column":0},"end":{"line":29,"column":67}},"29":{"start":{"line":30,"column":0},"end":{"line":30,"column":41}},"30":{"start":{"line":31,"column":0},"end":{"line":31,"column":55}},"31":{"start":{"line":32,"column":0},"end":{"line":32,"column":14}},"32":{"start":{"line":33,"column":0},"end":{"line":33,"column":31}},"33":{"start":{"line":34,"column":0},"end":{"line":34,"column":66}},"34":{"start":{"line":35,"column":0},"end":{"line":35,"column":41}},"35":{"start":{"line":36,"column":0},"end":{"line":36,"column":54}},"36":{"start":{"line":37,"column":0},"end":{"line":37,"column":14}},"37":{"start":{"line":38,"column":0},"end":{"line":38,"column":31}},"38":{"start":{"line":39,"column":0},"end":{"line":39,"column":65}},"39":{"start":{"line":40,"column":0},"end":{"line":40,"column":41}},"40":{"start":{"line":41,"column":0},"end":{"line":41,"column":53}},"41":{"start":{"line":42,"column":0},"end":{"line":42,"column":14}},"42":{"start":{"line":43,"column":0},"end":{"line":43,"column":12}},"43":{"start":{"line":44,"column":0},"end":{"line":44,"column":0}},"44":{"start":{"line":45,"column":0},"end":{"line":45,"column":27}},"45":{"start":{"line":46,"column":0},"end":{"line":46,"column":32}},"46":{"start":{"line":47,"column":0},"end":{"line":47,"column":11}},"47":{"start":{"line":48,"column":0},"end":{"line":48,"column":74}},"48":{"start":{"line":49,"column":0},"end":{"line":49,"column":81}},"49":{"start":{"line":50,"column":0},"end":{"line":50,"column":76}},"50":{"start":{"line":51,"column":0},"end":{"line":51,"column":12}},"51":{"start":{"line":52,"column":0},"end":{"line":52,"column":30}},"52":{"start":{"line":53,"column":0},"end":{"line":53,"column":47}},"53":{"start":{"line":54,"column":0},"end":{"line":54,"column":44}},"54":{"start":{"line":55,"column":0},"end":{"line":55,"column":42}},"55":{"start":{"line":56,"column":0},"end":{"line":56,"column":44}},"56":{"start":{"line":57,"column":0},"end":{"line":57,"column":56}},"57":{"start":{"line":58,"column":0},"end":{"line":58,"column":18}},"58":{"start":{"line":59,"column":0},"end":{"line":59,"column":16}},"59":{"start":{"line":60,"column":0},"end":{"line":60,"column":37}},"60":{"start":{"line":61,"column":0},"end":{"line":61,"column":44}},"61":{"start":{"line":62,"column":0},"end":{"line":62,"column":42}},"62":{"start":{"line":63,"column":0},"end":{"line":63,"column":47}},"63":{"start":{"line":64,"column":0},"end":{"line":64,"column":59}},"64":{"start":{"line":65,"column":0},"end":{"line":65,"column":18}},"65":{"start":{"line":66,"column":0},"end":{"line":66,"column":16}},"66":{"start":{"line":67,"column":0},"end":{"line":67,"column":37}},"67":{"start":{"line":68,"column":0},"end":{"line":68,"column":44}},"68":{"start":{"line":69,"column":0},"end":{"line":69,"column":42}},"69":{"start":{"line":70,"column":0},"end":{"line":70,"column":44}},"70":{"start":{"line":71,"column":0},"end":{"line":71,"column":68}},"71":{"start":{"line":72,"column":0},"end":{"line":72,"column":18}},"72":{"start":{"line":73,"column":0},"end":{"line":73,"column":16}},"73":{"start":{"line":74,"column":0},"end":{"line":74,"column":37}},"74":{"start":{"line":75,"column":0},"end":{"line":75,"column":44}},"75":{"start":{"line":76,"column":0},"end":{"line":76,"column":42}},"76":{"start":{"line":77,"column":0},"end":{"line":77,"column":45}},"77":{"start":{"line":78,"column":0},"end":{"line":78,"column":77}},"78":{"start":{"line":79,"column":0},"end":{"line":79,"column":18}},"79":{"start":{"line":80,"column":0},"end":{"line":80,"column":16}},"80":{"start":{"line":81,"column":0},"end":{"line":81,"column":14}},"81":{"start":{"line":82,"column":0},"end":{"line":82,"column":12}},"82":{"start":{"line":83,"column":0},"end":{"line":83,"column":10}},"83":{"start":{"line":84,"column":0},"end":{"line":84,"column":4}},"84":{"start":{"line":85,"column":0},"end":{"line":85,"column":12}},"85":{"start":{"line":86,"column":0},"end":{"line":86,"column":39}},"86":{"start":{"line":87,"column":0},"end":{"line":87,"column":64}},"87":{"start":{"line":88,"column":0},"end":{"line":88,"column":39}},"88":{"start":{"line":89,"column":0},"end":{"line":89,"column":77}},"89":{"start":{"line":90,"column":0},"end":{"line":90,"column":66}},"90":{"start":{"line":91,"column":0},"end":{"line":91,"column":129}},"91":{"start":{"line":92,"column":0},"end":{"line":92,"column":178}},"92":{"start":{"line":93,"column":0},"end":{"line":93,"column":58}},"93":{"start":{"line":94,"column":0},"end":{"line":94,"column":87}},"94":{"start":{"line":95,"column":0},"end":{"line":95,"column":54}},"95":{"start":{"line":96,"column":0},"end":{"line":96,"column":88}},"96":{"start":{"line":97,"column":0},"end":{"line":97,"column":80}},"97":{"start":{"line":98,"column":0},"end":{"line":98,"column":88}},"98":{"start":{"line":99,"column":0},"end":{"line":99,"column":57}},"99":{"start":{"line":100,"column":0},"end":{"line":100,"column":132}},"100":{"start":{"line":101,"column":0},"end":{"line":101,"column":66}},"101":{"start":{"line":102,"column":0},"end":{"line":102,"column":182}},"102":{"start":{"line":103,"column":0},"end":{"line":103,"column":112}},"103":{"start":{"line":104,"column":0},"end":{"line":104,"column":77}},"104":{"start":{"line":105,"column":0},"end":{"line":105,"column":50}},"105":{"start":{"line":106,"column":0},"end":{"line":106,"column":79}},"106":{"start":{"line":107,"column":0},"end":{"line":107,"column":5}},"107":{"start":{"line":108,"column":0},"end":{"line":108,"column":2}},"108":{"start":{"line":109,"column":0},"end":{"line":109,"column":38}}},"s":{"0":1,"1":1,"2":1,"3":1,"4":1,"5":1,"6":1,"7":1,"8":1,"9":1,"10":1,"11":1,"12":1,"13":1,"14":1,"15":1,"16":1,"17":1,"18":1,"19":1,"20":1,"21":1,"22":1,"23":1,"24":1,"25":1,"26":1,"27":1,"28":1,"29":1,"30":1,"31":1,"32":1,"33":1,"34":1,"35":1,"36":1,"37":1,"38":1,"39":1,"40":1,"41":1,"42":1,"43":1,"44":1,"45":1,"46":1,"47":1,"48":1,"49":1,"50":1,"51":1,"52":1,"53":1,"54":1,"55":1,"56":1,"57":1,"58":1,"59":1,"60":1,"61":1,"62":1,"63":1,"64":1,"65":1,"66":1,"67":1,"68":1,"69":1,"70":1,"71":1,"72":1,"73":1,"74":1,"75":1,"76":1,"77":1,"78":1,"79":1,"80":1,"81":1,"82":1,"83":1,"84":1,"85":1,"86":1,"87":1,"88":1,"89":1,"90":1,"91":1,"92":1,"93":1,"94":1,"95":1,"96":1,"97":1,"98":1,"99":1,"100":1,"101":1,"102":1,"103":1,"104":1,"105":1,"106":1,"107":1,"108":1},"branchMap":{"0":{"type":"branch","line":109,"loc":{"start":{"line":109,"column":13},"end":{"line":109,"column":36}},"locations":[{"start":{"line":109,"column":13},"end":{"line":109,"column":36}}]},"1":{"type":"branch","line":1,"loc":{"start":{"line":1,"column":0},"end":{"line":1,"column":26}},"locations":[{"start":{"line":1,"column":0},"end":{"line":1,"column":26}}]},"2":{"type":"branch","line":1,"loc":{"start":{"line":1,"column":0},"end":{"line":1,"column":26}},"locations":[{"start":{"line":1,"column":0},"end":{"line":1,"column":26}}]},"3":{"type":"branch","line":1,"loc":{"start":{"line":1,"column":0},"end":{"line":1,"column":26}},"locations":[{"start":{"line":1,"column":0},"end":{"line":1,"column":26}}]},"4":{"type":"branch","line":1,"loc":{"start":{"line":1,"column":0},"end":{"line":1,"column":26}},"locations":[{"start":{"line":1,"column":0},"end":{"line":1,"column":26}}]},"5":{"type":"branch","line":1,"loc":{"start":{"line":1,"column":0},"end":{"line":1,"column":26}},"locations":[{"start":{"line":1,"column":0},"end":{"line":1,"column":26}}]},"6":{"type":"branch","line":1,"loc":{"start":{"line":1,"column":0},"end":{"line":1,"column":26}},"locations":[{"start":{"line":1,"column":0},"end":{"line":1,"column":26}}]},"7":{"type":"branch","line":1,"loc":{"start":{"line":1,"column":0},"end":{"line":1,"column":26}},"locations":[{"start":{"line":1,"column":0},"end":{"line":1,"column":26}}]},"8":{"type":"branch","line":1,"loc":{"start":{"line":1,"column":0},"end":{"line":1,"column":26}},"locations":[{"start":{"line":1,"column":0},"end":{"line":1,"column":26}}]},"9":{"type":"branch","line":1,"loc":{"start":{"line":1,"column":0},"end":{"line":1,"column":26}},"locations":[{"start":{"line":1,"column":0},"end":{"line":1,"column":26}}]},"10":{"type":"branch","line":1,"loc":{"start":{"line":1,"column":0},"end":{"line":1,"column":26}},"locations":[{"start":{"line":1,"column":0},"end":{"line":1,"column":26}}]},"11":{"type":"branch","line":1,"loc":{"start":{"line":1,"column":0},"end":{"line":1,"column":26}},"locations":[{"start":{"line":1,"column":0},"end":{"line":1,"column":26}}]},"12":{"type":"branch","line":1,"loc":{"start":{"line":1,"column":0},"end":{"line":1,"column":26}},"locations":[{"start":{"line":1,"column":0},"end":{"line":1,"column":26}}]},"13":{"type":"branch","line":1,"loc":{"start":{"line":1,"column":0},"end":{"line":1,"column":26}},"locations":[{"start":{"line":1,"column":0},"end":{"line":1,"column":26}}]},"14":{"type":"branch","line":1,"loc":{"start":{"line":1,"column":0},"end":{"line":1,"column":26}},"locations":[{"start":{"line":1,"column":0},"end":{"line":1,"column":26}}]}},"b":{"0":[0],"1":[1],"2":[1],"3":[1],"4":[0],"5":[1],"6":[1],"7":[1],"8":[0],"9":[0],"10":[0],"11":[0],"12":[0],"13":[0],"14":[1]},"fnMap":{"0":{"name":"__name","decl":{"start":{"line":1,"column":0},"end":{"line":1,"column":26}},"loc":{"start":{"line":1,"column":0},"end":{"line":1,"column":26}},"line":1},"1":{"name":"__export","decl":{"start":{"line":1,"column":0},"end":{"line":1,"column":26}},"loc":{"start":{"line":1,"column":0},"end":{"line":1,"column":26}},"line":1},"2":{"name":"__copyProps","decl":{"start":{"line":1,"column":0},"end":{"line":1,"column":26}},"loc":{"start":{"line":1,"column":0},"end":{"line":1,"column":26}},"line":1},"3":{"name":"get","decl":{"start":{"line":1,"column":0},"end":{"line":1,"column":26}},"loc":{"start":{"line":1,"column":0},"end":{"line":1,"column":26}},"line":1},"4":{"name":"__toCommonJS","decl":{"start":{"line":1,"column":0},"end":{"line":1,"column":26}},"loc":{"start":{"line":1,"column":0},"end":{"line":1,"column":26}},"line":1},"5":{"name":"__decorateClass","decl":{"start":{"line":1,"column":0},"end":{"line":1,"column":26}},"loc":{"start":{"line":1,"column":0},"end":{"line":1,"column":26}},"line":1},"6":{"name":"DashboardHomeComponent","decl":{"start":{"line":1,"column":0},"end":{"line":1,"column":26}},"loc":{"start":{"line":1,"column":0},"end":{"line":1,"column":26}},"line":1}},"f":{"0":1,"1":1,"2":1,"3":1,"4":1,"5":1,"6":1}}
,"/mnt/c/da/14-04-26/b/DEVKree/src/app/kree/dashboard/dashboard.component.ts": {"path":"/mnt/c/da/14-04-26/b/DEVKree/src/app/kree/dashboard/dashboard.component.ts","all":false,"statementMap":{"0":{"start":{"line":1,"column":0},"end":{"line":1,"column":50}},"1":{"start":{"line":2,"column":0},"end":{"line":2,"column":47}},"2":{"start":{"line":3,"column":0},"end":{"line":3,"column":55}},"3":{"start":{"line":4,"column":0},"end":{"line":4,"column":55}},"4":{"start":{"line":5,"column":0},"end":{"line":5,"column":57}},"5":{"start":{"line":6,"column":0},"end":{"line":6,"column":0}},"6":{"start":{"line":7,"column":0},"end":{"line":7,"column":19}},"7":{"start":{"line":8,"column":0},"end":{"line":8,"column":16}},"8":{"start":{"line":9,"column":0},"end":{"line":9,"column":16}},"9":{"start":{"line":10,"column":0},"end":{"line":10,"column":15}},"10":{"start":{"line":11,"column":0},"end":{"line":11,"column":1}},"11":{"start":{"line":12,"column":0},"end":{"line":12,"column":0}},"12":{"start":{"line":13,"column":0},"end":{"line":13,"column":12}},"13":{"start":{"line":14,"column":0},"end":{"line":14,"column":29}},"14":{"start":{"line":15,"column":0},"end":{"line":15,"column":19}},"15":{"start":{"line":16,"column":0},"end":{"line":16,"column":40}},"16":{"start":{"line":17,"column":0},"end":{"line":17,"column":44}},"17":{"start":{"line":18,"column":0},"end":{"line":18,"column":43}},"18":{"start":{"line":19,"column":0},"end":{"line":19,"column":2}},"19":{"start":{"line":20,"column":0},"end":{"line":20,"column":33}},"20":{"start":{"line":21,"column":0},"end":{"line":21,"column":46}},"21":{"start":{"line":22,"column":0},"end":{"line":22,"column":55}},"22":{"start":{"line":23,"column":0},"end":{"line":23,"column":43}},"23":{"start":{"line":24,"column":0},"end":{"line":24,"column":0}},"24":{"start":{"line":25,"column":0},"end":{"line":25,"column":43}},"25":{"start":{"line":26,"column":0},"end":{"line":26,"column":33}},"26":{"start":{"line":27,"column":0},"end":{"line":27,"column":0}},"27":{"start":{"line":28,"column":0},"end":{"line":28,"column":34}},"28":{"start":{"line":29,"column":0},"end":{"line":29,"column":69}},"29":{"start":{"line":30,"column":0},"end":{"line":30,"column":75}},"30":{"start":{"line":31,"column":0},"end":{"line":31,"column":70}},"31":{"start":{"line":32,"column":0},"end":{"line":32,"column":81}},"32":{"start":{"line":33,"column":0},"end":{"line":33,"column":4}},"33":{"start":{"line":34,"column":0},"end":{"line":34,"column":0}},"34":{"start":{"line":35,"column":0},"end":{"line":35,"column":36}},"35":{"start":{"line":36,"column":0},"end":{"line":36,"column":37}},"36":{"start":{"line":37,"column":0},"end":{"line":37,"column":3}},"37":{"start":{"line":38,"column":0},"end":{"line":38,"column":0}},"38":{"start":{"line":39,"column":0},"end":{"line":39,"column":23}},"39":{"start":{"line":40,"column":0},"end":{"line":40,"column":31}},"40":{"start":{"line":41,"column":0},"end":{"line":41,"column":3}},"41":{"start":{"line":42,"column":0},"end":{"line":42,"column":0}},"42":{"start":{"line":43,"column":0},"end":{"line":43,"column":18}},"43":{"start":{"line":44,"column":0},"end":{"line":44,"column":23}},"44":{"start":{"line":45,"column":0},"end":{"line":45,"column":32}},"45":{"start":{"line":46,"column":0},"end":{"line":46,"column":3}},"46":{"start":{"line":47,"column":0},"end":{"line":47,"column":1}}},"s":{"0":1,"1":1,"2":1,"3":1,"4":1,"5":1,"6":1,"7":1,"8":1,"9":1,"10":1,"11":1,"12":1,"13":1,"14":1,"15":1,"16":1,"17":1,"18":1,"19":1,"20":3,"21":3,"22":3,"23":3,"24":3,"25":3,"26":3,"27":3,"28":3,"29":3,"30":3,"31":3,"32":3,"33":1,"34":1,"35":0,"36":0,"37":1,"38":1,"39":0,"40":0,"41":1,"42":1,"43":0,"44":0,"45":0,"46":1},"branchMap":{"0":{"type":"branch","line":20,"loc":{"start":{"line":20,"column":13},"end":{"line":20,"column":32}},"locations":[{"start":{"line":20,"column":13},"end":{"line":20,"column":32}}]},"1":{"type":"branch","line":1,"loc":{"start":{"line":1,"column":0},"end":{"line":1,"column":34}},"locations":[{"start":{"line":1,"column":0},"end":{"line":1,"column":34}}]},"2":{"type":"branch","line":1,"loc":{"start":{"line":1,"column":0},"end":{"line":1,"column":34}},"locations":[{"start":{"line":1,"column":0},"end":{"line":1,"column":34}}]},"3":{"type":"branch","line":1,"loc":{"start":{"line":1,"column":0},"end":{"line":1,"column":34}},"locations":[{"start":{"line":1,"column":0},"end":{"line":1,"column":34}}]},"4":{"type":"branch","line":1,"loc":{"start":{"line":1,"column":0},"end":{"line":1,"column":34}},"locations":[{"start":{"line":1,"column":0},"end":{"line":1,"column":34}}]},"5":{"type":"branch","line":1,"loc":{"start":{"line":1,"column":0},"end":{"line":1,"column":34}},"locations":[{"start":{"line":1,"column":0},"end":{"line":1,"column":34}}]},"6":{"type":"branch","line":1,"loc":{"start":{"line":1,"column":0},"end":{"line":1,"column":34}},"locations":[{"start":{"line":1,"column":0},"end":{"line":1,"column":34}}]},"7":{"type":"branch","line":1,"loc":{"start":{"line":1,"column":0},"end":{"line":1,"column":34}},"locations":[{"start":{"line":1,"column":0},"end":{"line":1,"column":34}}]},"8":{"type":"branch","line":1,"loc":{"start":{"line":1,"column":0},"end":{"line":1,"column":34}},"locations":[{"start":{"line":1,"column":0},"end":{"line":1,"column":34}}]},"9":{"type":"branch","line":1,"loc":{"start":{"line":1,"column":0},"end":{"line":1,"column":34}},"locations":[{"start":{"line":1,"column":0},"end":{"line":1,"column":34}}]},"10":{"type":"branch","line":1,"loc":{"start":{"line":1,"column":0},"end":{"line":1,"column":34}},"locations":[{"start":{"line":1,"column":0},"end":{"line":1,"column":34}}]},"11":{"type":"branch","line":1,"loc":{"start":{"line":1,"column":0},"end":{"line":1,"column":34}},"locations":[{"start":{"line":1,"column":0},"end":{"line":1,"column":34}}]},"12":{"type":"branch","line":1,"loc":{"start":{"line":1,"column":0},"end":{"line":1,"column":34}},"locations":[{"start":{"line":1,"column":0},"end":{"line":1,"column":34}}]},"13":{"type":"branch","line":1,"loc":{"start":{"line":1,"column":0},"end":{"line":1,"column":34}},"locations":[{"start":{"line":1,"column":0},"end":{"line":1,"column":34}}]},"14":{"type":"branch","line":1,"loc":{"start":{"line":1,"column":0},"end":{"line":1,"column":34}},"locations":[{"start":{"line":1,"column":0},"end":{"line":1,"column":34}}]},"15":{"type":"branch","line":20,"loc":{"start":{"line":20,"column":7},"end":{"line":33,"column":4}},"locations":[{"start":{"line":20,"column":7},"end":{"line":33,"column":4}}]}},"b":{"0":[0],"1":[1],"2":[1],"3":[1],"4":[0],"5":[3],"6":[1],"7":[1],"8":[0],"9":[0],"10":[0],"11":[0],"12":[0],"13":[0],"14":[3],"15":[3]},"fnMap":{"0":{"name":"__name","decl":{"start":{"line":1,"column":0},"end":{"line":1,"column":34}},"loc":{"start":{"line":1,"column":0},"end":{"line":1,"column":34}},"line":1},"1":{"name":"__export","decl":{"start":{"line":1,"column":0},"end":{"line":1,"column":34}},"loc":{"start":{"line":1,"column":0},"end":{"line":1,"column":34}},"line":1},"2":{"name":"__copyProps","decl":{"start":{"line":1,"column":0},"end":{"line":1,"column":34}},"loc":{"start":{"line":1,"column":0},"end":{"line":1,"column":34}},"line":1},"3":{"name":"get","decl":{"start":{"line":1,"column":0},"end":{"line":1,"column":34}},"loc":{"start":{"line":1,"column":0},"end":{"line":1,"column":34}},"line":1},"4":{"name":"__toCommonJS","decl":{"start":{"line":1,"column":0},"end":{"line":1,"column":34}},"loc":{"start":{"line":1,"column":0},"end":{"line":1,"column":34}},"line":1},"5":{"name":"__decorateClass","decl":{"start":{"line":1,"column":0},"end":{"line":1,"column":34}},"loc":{"start":{"line":1,"column":0},"end":{"line":1,"column":34}},"line":1},"6":{"name":"DashboardComponent","decl":{"start":{"line":1,"column":0},"end":{"line":1,"column":34}},"loc":{"start":{"line":1,"column":0},"end":{"line":1,"column":34}},"line":1},"7":{"name":"DashboardComponent","decl":{"start":{"line":20,"column":7},"end":{"line":33,"column":4}},"loc":{"start":{"line":20,"column":7},"end":{"line":33,"column":4}},"line":20},"8":{"name":"isActive","decl":{"start":{"line":35,"column":2},"end":{"line":37,"column":3}},"loc":{"start":{"line":35,"column":2},"end":{"line":37,"column":3}},"line":35},"9":{"name":"toggleTheme","decl":{"start":{"line":39,"column":2},"end":{"line":41,"column":3}},"loc":{"start":{"line":39,"column":2},"end":{"line":41,"column":3}},"line":39},"10":{"name":"logout","decl":{"start":{"line":43,"column":2},"end":{"line":46,"column":3}},"loc":{"start":{"line":43,"column":2},"end":{"line":46,"column":3}},"line":43}},"f":{"0":1,"1":1,"2":1,"3":3,"4":1,"5":1,"6":3,"7":3,"8":0,"9":0,"10":0}}
,"/mnt/c/da/14-04-26/b/DEVKree/src/app/kree/dashboard/impact.component.ts": {"path":"/mnt/c/da/14-04-26/b/DEVKree/src/app/kree/dashboard/impact.component.ts","all":false,"statementMap":{"0":{"start":{"line":1,"column":0},"end":{"line":1,"column":42}},"1":{"start":{"line":2,"column":0},"end":{"line":2,"column":47}},"2":{"start":{"line":3,"column":0},"end":{"line":3,"column":0}},"3":{"start":{"line":4,"column":0},"end":{"line":4,"column":12}},"4":{"start":{"line":5,"column":0},"end":{"line":5,"column":26}},"5":{"start":{"line":6,"column":0},"end":{"line":6,"column":19}},"6":{"start":{"line":7,"column":0},"end":{"line":7,"column":26}},"7":{"start":{"line":8,"column":0},"end":{"line":8,"column":13}},"8":{"start":{"line":9,"column":0},"end":{"line":9,"column":30}},"9":{"start":{"line":10,"column":0},"end":{"line":10,"column":31}},"10":{"start":{"line":11,"column":0},"end":{"line":11,"column":56}},"11":{"start":{"line":12,"column":0},"end":{"line":12,"column":141}},"12":{"start":{"line":13,"column":0},"end":{"line":13,"column":74}},"13":{"start":{"line":14,"column":0},"end":{"line":14,"column":14}},"14":{"start":{"line":15,"column":0},"end":{"line":15,"column":28}},"15":{"start":{"line":16,"column":0},"end":{"line":16,"column":76}},"16":{"start":{"line":17,"column":0},"end":{"line":17,"column":12}},"17":{"start":{"line":18,"column":0},"end":{"line":18,"column":0}},"18":{"start":{"line":19,"column":0},"end":{"line":19,"column":34}},"19":{"start":{"line":20,"column":0},"end":{"line":20,"column":33}},"20":{"start":{"line":21,"column":0},"end":{"line":21,"column":62}},"21":{"start":{"line":22,"column":0},"end":{"line":22,"column":101}},"22":{"start":{"line":23,"column":0},"end":{"line":23,"column":99}},"23":{"start":{"line":24,"column":0},"end":{"line":24,"column":89}},"24":{"start":{"line":25,"column":0},"end":{"line":25,"column":51}},"25":{"start":{"line":26,"column":0},"end":{"line":26,"column":16}},"26":{"start":{"line":27,"column":0},"end":{"line":27,"column":34}},"27":{"start":{"line":28,"column":0},"end":{"line":28,"column":47}},"28":{"start":{"line":29,"column":0},"end":{"line":29,"column":50}},"29":{"start":{"line":30,"column":0},"end":{"line":30,"column":16}},"30":{"start":{"line":31,"column":0},"end":{"line":31,"column":14}},"31":{"start":{"line":32,"column":0},"end":{"line":32,"column":34}},"32":{"start":{"line":33,"column":0},"end":{"line":33,"column":39}},"33":{"start":{"line":34,"column":0},"end":{"line":34,"column":13}},"34":{"start":{"line":35,"column":0},"end":{"line":35,"column":86}},"35":{"start":{"line":36,"column":0},"end":{"line":36,"column":90}},"36":{"start":{"line":37,"column":0},"end":{"line":37,"column":59}},"37":{"start":{"line":38,"column":0},"end":{"line":38,"column":14}},"38":{"start":{"line":39,"column":0},"end":{"line":39,"column":14}},"39":{"start":{"line":40,"column":0},"end":{"line":40,"column":12}},"40":{"start":{"line":41,"column":0},"end":{"line":41,"column":0}},"41":{"start":{"line":42,"column":0},"end":{"line":42,"column":32}},"42":{"start":{"line":43,"column":0},"end":{"line":43,"column":33}},"43":{"start":{"line":44,"column":0},"end":{"line":44,"column":66}},"44":{"start":{"line":45,"column":0},"end":{"line":45,"column":52}},"45":{"start":{"line":46,"column":0},"end":{"line":46,"column":32}},"46":{"start":{"line":47,"column":0},"end":{"line":47,"column":43}},"47":{"start":{"line":48,"column":0},"end":{"line":48,"column":33}},"48":{"start":{"line":49,"column":0},"end":{"line":49,"column":73}},"49":{"start":{"line":50,"column":0},"end":{"line":50,"column":18}},"50":{"start":{"line":51,"column":0},"end":{"line":51,"column":72}},"51":{"start":{"line":52,"column":0},"end":{"line":52,"column":16}},"52":{"start":{"line":53,"column":0},"end":{"line":53,"column":14}},"53":{"start":{"line":54,"column":0},"end":{"line":54,"column":12}},"54":{"start":{"line":55,"column":0},"end":{"line":55,"column":0}},"55":{"start":{"line":56,"column":0},"end":{"line":56,"column":29}},"56":{"start":{"line":57,"column":0},"end":{"line":57,"column":27}},"57":{"start":{"line":58,"column":0},"end":{"line":58,"column":58}},"58":{"start":{"line":59,"column":0},"end":{"line":59,"column":56}},"59":{"start":{"line":60,"column":0},"end":{"line":60,"column":59}},"60":{"start":{"line":61,"column":0},"end":{"line":61,"column":14}},"61":{"start":{"line":62,"column":0},"end":{"line":62,"column":12}},"62":{"start":{"line":63,"column":0},"end":{"line":63,"column":10}},"63":{"start":{"line":64,"column":0},"end":{"line":64,"column":4}},"64":{"start":{"line":65,"column":0},"end":{"line":65,"column":12}},"65":{"start":{"line":66,"column":0},"end":{"line":66,"column":39}},"66":{"start":{"line":67,"column":0},"end":{"line":67,"column":63}},"67":{"start":{"line":68,"column":0},"end":{"line":68,"column":85}},"68":{"start":{"line":69,"column":0},"end":{"line":69,"column":46}},"69":{"start":{"line":70,"column":0},"end":{"line":70,"column":110}},"70":{"start":{"line":71,"column":0},"end":{"line":71,"column":56}},"71":{"start":{"line":72,"column":0},"end":{"line":72,"column":134}},"72":{"start":{"line":73,"column":0},"end":{"line":73,"column":56}},"73":{"start":{"line":74,"column":0},"end":{"line":74,"column":66}},"74":{"start":{"line":75,"column":0},"end":{"line":75,"column":65}},"75":{"start":{"line":76,"column":0},"end":{"line":76,"column":70}},"76":{"start":{"line":77,"column":0},"end":{"line":77,"column":68}},"77":{"start":{"line":78,"column":0},"end":{"line":78,"column":74}},"78":{"start":{"line":79,"column":0},"end":{"line":79,"column":145}},"79":{"start":{"line":80,"column":0},"end":{"line":80,"column":36}},"80":{"start":{"line":81,"column":0},"end":{"line":81,"column":26}},"81":{"start":{"line":82,"column":0},"end":{"line":82,"column":82}},"82":{"start":{"line":83,"column":0},"end":{"line":83,"column":122}},"83":{"start":{"line":84,"column":0},"end":{"line":84,"column":112}},"84":{"start":{"line":85,"column":0},"end":{"line":85,"column":65}},"85":{"start":{"line":86,"column":0},"end":{"line":86,"column":42}},"86":{"start":{"line":87,"column":0},"end":{"line":87,"column":140}},"87":{"start":{"line":88,"column":0},"end":{"line":88,"column":87}},"88":{"start":{"line":89,"column":0},"end":{"line":89,"column":88}},"89":{"start":{"line":90,"column":0},"end":{"line":90,"column":5}},"90":{"start":{"line":91,"column":0},"end":{"line":91,"column":2}},"91":{"start":{"line":92,"column":0},"end":{"line":92,"column":30}},"92":{"start":{"line":93,"column":0},"end":{"line":93,"column":16}},"93":{"start":{"line":94,"column":0},"end":{"line":94,"column":85}},"94":{"start":{"line":95,"column":0},"end":{"line":95,"column":86}},"95":{"start":{"line":96,"column":0},"end":{"line":96,"column":84}},"96":{"start":{"line":97,"column":0},"end":{"line":97,"column":79}},"97":{"start":{"line":98,"column":0},"end":{"line":98,"column":4}},"98":{"start":{"line":99,"column":0},"end":{"line":99,"column":0}},"99":{"start":{"line":100,"column":0},"end":{"line":100,"column":13}},"100":{"start":{"line":101,"column":0},"end":{"line":101,"column":125}},"101":{"start":{"line":102,"column":0},"end":{"line":102,"column":78}},"102":{"start":{"line":103,"column":0},"end":{"line":103,"column":115}},"103":{"start":{"line":104,"column":0},"end":{"line":104,"column":4}},"104":{"start":{"line":105,"column":0},"end":{"line":105,"column":1}}},"s":{"0":1,"1":1,"2":1,"3":1,"4":1,"5":1,"6":1,"7":1,"8":1,"9":1,"10":1,"11":1,"12":1,"13":1,"14":1,"15":1,"16":1,"17":1,"18":1,"19":1,"20":1,"21":1,"22":1,"23":1,"24":1,"25":1,"26":1,"27":1,"28":1,"29":1,"30":1,"31":1,"32":1,"33":1,"34":1,"35":1,"36":1,"37":1,"38":1,"39":1,"40":1,"41":1,"42":1,"43":1,"44":1,"45":1,"46":1,"47":1,"48":1,"49":1,"50":1,"51":1,"52":1,"53":1,"54":1,"55":1,"56":1,"57":1,"58":1,"59":1,"60":1,"61":1,"62":1,"63":1,"64":1,"65":1,"66":1,"67":1,"68":1,"69":1,"70":1,"71":1,"72":1,"73":1,"74":1,"75":1,"76":1,"77":1,"78":1,"79":1,"80":1,"81":1,"82":1,"83":1,"84":1,"85":1,"86":1,"87":1,"88":1,"89":1,"90":1,"91":1,"92":1,"93":1,"94":1,"95":1,"96":1,"97":1,"98":1,"99":1,"100":1,"101":1,"102":1,"103":1,"104":1},"branchMap":{"0":{"type":"branch","line":92,"loc":{"start":{"line":92,"column":13},"end":{"line":92,"column":29}},"locations":[{"start":{"line":92,"column":13},"end":{"line":92,"column":29}}]},"1":{"type":"branch","line":1,"loc":{"start":{"line":1,"column":0},"end":{"line":1,"column":26}},"locations":[{"start":{"line":1,"column":0},"end":{"line":1,"column":26}}]},"2":{"type":"branch","line":1,"loc":{"start":{"line":1,"column":0},"end":{"line":1,"column":26}},"locations":[{"start":{"line":1,"column":0},"end":{"line":1,"column":26}}]},"3":{"type":"branch","line":1,"loc":{"start":{"line":1,"column":0},"end":{"line":1,"column":26}},"locations":[{"start":{"line":1,"column":0},"end":{"line":1,"column":26}}]},"4":{"type":"branch","line":1,"loc":{"start":{"line":1,"column":0},"end":{"line":1,"column":26}},"locations":[{"start":{"line":1,"column":0},"end":{"line":1,"column":26}}]},"5":{"type":"branch","line":1,"loc":{"start":{"line":1,"column":0},"end":{"line":1,"column":26}},"locations":[{"start":{"line":1,"column":0},"end":{"line":1,"column":26}}]},"6":{"type":"branch","line":1,"loc":{"start":{"line":1,"column":0},"end":{"line":1,"column":26}},"locations":[{"start":{"line":1,"column":0},"end":{"line":1,"column":26}}]},"7":{"type":"branch","line":1,"loc":{"start":{"line":1,"column":0},"end":{"line":1,"column":26}},"locations":[{"start":{"line":1,"column":0},"end":{"line":1,"column":26}}]},"8":{"type":"branch","line":1,"loc":{"start":{"line":1,"column":0},"end":{"line":1,"column":26}},"locations":[{"start":{"line":1,"column":0},"end":{"line":1,"column":26}}]},"9":{"type":"branch","line":1,"loc":{"start":{"line":1,"column":0},"end":{"line":1,"column":26}},"locations":[{"start":{"line":1,"column":0},"end":{"line":1,"column":26}}]},"10":{"type":"branch","line":1,"loc":{"start":{"line":1,"column":0},"end":{"line":1,"column":26}},"locations":[{"start":{"line":1,"column":0},"end":{"line":1,"column":26}}]},"11":{"type":"branch","line":1,"loc":{"start":{"line":1,"column":0},"end":{"line":1,"column":26}},"locations":[{"start":{"line":1,"column":0},"end":{"line":1,"column":26}}]},"12":{"type":"branch","line":1,"loc":{"start":{"line":1,"column":0},"end":{"line":1,"column":26}},"locations":[{"start":{"line":1,"column":0},"end":{"line":1,"column":26}}]},"13":{"type":"branch","line":1,"loc":{"start":{"line":1,"column":0},"end":{"line":1,"column":26}},"locations":[{"start":{"line":1,"column":0},"end":{"line":1,"column":26}}]},"14":{"type":"branch","line":1,"loc":{"start":{"line":1,"column":0},"end":{"line":1,"column":26}},"locations":[{"start":{"line":1,"column":0},"end":{"line":1,"column":26}}]},"15":{"type":"branch","line":92,"loc":{"start":{"line":92,"column":7},"end":{"line":104,"column":4}},"locations":[{"start":{"line":92,"column":7},"end":{"line":104,"column":4}}]}},"b":{"0":[0],"1":[1],"2":[1],"3":[1],"4":[0],"5":[1],"6":[1],"7":[1],"8":[0],"9":[0],"10":[0],"11":[0],"12":[0],"13":[0],"14":[1],"15":[1]},"fnMap":{"0":{"name":"__name","decl":{"start":{"line":1,"column":0},"end":{"line":1,"column":26}},"loc":{"start":{"line":1,"column":0},"end":{"line":1,"column":26}},"line":1},"1":{"name":"__export","decl":{"start":{"line":1,"column":0},"end":{"line":1,"column":26}},"loc":{"start":{"line":1,"column":0},"end":{"line":1,"column":26}},"line":1},"2":{"name":"__copyProps","decl":{"start":{"line":1,"column":0},"end":{"line":1,"column":26}},"loc":{"start":{"line":1,"column":0},"end":{"line":1,"column":26}},"line":1},"3":{"name":"get","decl":{"start":{"line":1,"column":0},"end":{"line":1,"column":26}},"loc":{"start":{"line":1,"column":0},"end":{"line":1,"column":26}},"line":1},"4":{"name":"__toCommonJS","decl":{"start":{"line":1,"column":0},"end":{"line":1,"column":26}},"loc":{"start":{"line":1,"column":0},"end":{"line":1,"column":26}},"line":1},"5":{"name":"__decorateClass","decl":{"start":{"line":1,"column":0},"end":{"line":1,"column":26}},"loc":{"start":{"line":1,"column":0},"end":{"line":1,"column":26}},"line":1},"6":{"name":"ImpactComponent","decl":{"start":{"line":1,"column":0},"end":{"line":1,"column":26}},"loc":{"start":{"line":1,"column":0},"end":{"line":1,"column":26}},"line":1},"7":{"name":"ImpactComponent","decl":{"start":{"line":92,"column":7},"end":{"line":104,"column":4}},"loc":{"start":{"line":92,"column":7},"end":{"line":104,"column":4}},"line":92}},"f":{"0":1,"1":1,"2":1,"3":1,"4":1,"5":1,"6":1,"7":1}}
,"/mnt/c/da/14-04-26/b/DEVKree/src/app/kree/dashboard/leaderboard.component.ts": {"path":"/mnt/c/da/14-04-26/b/DEVKree/src/app/kree/dashboard/leaderboard.component.ts","all":false,"statementMap":{"0":{"start":{"line":1,"column":0},"end":{"line":1,"column":42}},"1":{"start":{"line":2,"column":0},"end":{"line":2,"column":47}},"2":{"start":{"line":3,"column":0},"end":{"line":3,"column":0}},"3":{"start":{"line":4,"column":0},"end":{"line":4,"column":12}},"4":{"start":{"line":5,"column":0},"end":{"line":5,"column":31}},"5":{"start":{"line":6,"column":0},"end":{"line":6,"column":19}},"6":{"start":{"line":7,"column":0},"end":{"line":7,"column":26}},"7":{"start":{"line":8,"column":0},"end":{"line":8,"column":13}},"8":{"start":{"line":9,"column":0},"end":{"line":9,"column":30}},"9":{"start":{"line":10,"column":0},"end":{"line":10,"column":31}},"10":{"start":{"line":11,"column":0},"end":{"line":11,"column":56}},"11":{"start":{"line":12,"column":0},"end":{"line":12,"column":118}},"12":{"start":{"line":13,"column":0},"end":{"line":13,"column":118}},"13":{"start":{"line":14,"column":0},"end":{"line":14,"column":118}},"14":{"start":{"line":15,"column":0},"end":{"line":15,"column":67}},"15":{"start":{"line":16,"column":0},"end":{"line":16,"column":14}},"16":{"start":{"line":17,"column":0},"end":{"line":17,"column":28}},"17":{"start":{"line":18,"column":0},"end":{"line":18,"column":86}},"18":{"start":{"line":19,"column":0},"end":{"line":19,"column":12}},"19":{"start":{"line":20,"column":0},"end":{"line":20,"column":0}},"20":{"start":{"line":21,"column":0},"end":{"line":21,"column":26}},"21":{"start":{"line":22,"column":0},"end":{"line":22,"column":103}},"22":{"start":{"line":23,"column":0},"end":{"line":23,"column":59}},"23":{"start":{"line":24,"column":0},"end":{"line":24,"column":53}},"24":{"start":{"line":25,"column":0},"end":{"line":25,"column":61}},"25":{"start":{"line":26,"column":0},"end":{"line":26,"column":40}},"26":{"start":{"line":27,"column":0},"end":{"line":27,"column":53}},"27":{"start":{"line":28,"column":0},"end":{"line":28,"column":14}},"28":{"start":{"line":29,"column":0},"end":{"line":29,"column":12}},"29":{"start":{"line":30,"column":0},"end":{"line":30,"column":0}},"30":{"start":{"line":31,"column":0},"end":{"line":31,"column":37}},"31":{"start":{"line":32,"column":0},"end":{"line":32,"column":31}},"32":{"start":{"line":33,"column":0},"end":{"line":33,"column":47}},"33":{"start":{"line":34,"column":0},"end":{"line":34,"column":47}},"34":{"start":{"line":35,"column":0},"end":{"line":35,"column":55}},"35":{"start":{"line":36,"column":0},"end":{"line":36,"column":51}},"36":{"start":{"line":37,"column":0},"end":{"line":37,"column":14}},"37":{"start":{"line":38,"column":0},"end":{"line":38,"column":109}},"38":{"start":{"line":39,"column":0},"end":{"line":39,"column":54}},"39":{"start":{"line":40,"column":0},"end":{"line":40,"column":36}},"40":{"start":{"line":41,"column":0},"end":{"line":41,"column":28}},"41":{"start":{"line":42,"column":0},"end":{"line":42,"column":66}},"42":{"start":{"line":43,"column":0},"end":{"line":43,"column":17}},"43":{"start":{"line":44,"column":0},"end":{"line":44,"column":67}},"44":{"start":{"line":45,"column":0},"end":{"line":45,"column":63}},"45":{"start":{"line":46,"column":0},"end":{"line":46,"column":14}},"46":{"start":{"line":47,"column":0},"end":{"line":47,"column":12}},"47":{"start":{"line":48,"column":0},"end":{"line":48,"column":0}},"48":{"start":{"line":49,"column":0},"end":{"line":49,"column":27}},"49":{"start":{"line":50,"column":0},"end":{"line":50,"column":32}},"50":{"start":{"line":51,"column":0},"end":{"line":51,"column":11}},"51":{"start":{"line":52,"column":0},"end":{"line":52,"column":86}},"52":{"start":{"line":53,"column":0},"end":{"line":53,"column":85}},"53":{"start":{"line":54,"column":0},"end":{"line":54,"column":48}},"54":{"start":{"line":55,"column":0},"end":{"line":55,"column":12}},"55":{"start":{"line":56,"column":0},"end":{"line":56,"column":12}},"56":{"start":{"line":57,"column":0},"end":{"line":57,"column":10}},"57":{"start":{"line":58,"column":0},"end":{"line":58,"column":4}},"58":{"start":{"line":59,"column":0},"end":{"line":59,"column":12}},"59":{"start":{"line":60,"column":0},"end":{"line":60,"column":39}},"60":{"start":{"line":61,"column":0},"end":{"line":61,"column":63}},"61":{"start":{"line":62,"column":0},"end":{"line":62,"column":85}},"62":{"start":{"line":63,"column":0},"end":{"line":63,"column":46}},"63":{"start":{"line":64,"column":0},"end":{"line":64,"column":129}},"64":{"start":{"line":65,"column":0},"end":{"line":65,"column":93}},"65":{"start":{"line":66,"column":0},"end":{"line":66,"column":245}},"66":{"start":{"line":67,"column":0},"end":{"line":67,"column":91}},"67":{"start":{"line":68,"column":0},"end":{"line":68,"column":58}},"68":{"start":{"line":69,"column":0},"end":{"line":69,"column":69}},"69":{"start":{"line":70,"column":0},"end":{"line":70,"column":100}},"70":{"start":{"line":71,"column":0},"end":{"line":71,"column":87}},"71":{"start":{"line":72,"column":0},"end":{"line":72,"column":41}},"72":{"start":{"line":73,"column":0},"end":{"line":73,"column":41}},"73":{"start":{"line":74,"column":0},"end":{"line":74,"column":69}},"74":{"start":{"line":75,"column":0},"end":{"line":75,"column":121}},"75":{"start":{"line":76,"column":0},"end":{"line":76,"column":200}},"76":{"start":{"line":77,"column":0},"end":{"line":77,"column":150}},"77":{"start":{"line":78,"column":0},"end":{"line":78,"column":61}},"78":{"start":{"line":79,"column":0},"end":{"line":79,"column":61}},"79":{"start":{"line":80,"column":0},"end":{"line":80,"column":33}},"80":{"start":{"line":81,"column":0},"end":{"line":81,"column":78}},"81":{"start":{"line":82,"column":0},"end":{"line":82,"column":57}},"82":{"start":{"line":83,"column":0},"end":{"line":83,"column":99}},"83":{"start":{"line":84,"column":0},"end":{"line":84,"column":164}},"84":{"start":{"line":85,"column":0},"end":{"line":85,"column":79}},"85":{"start":{"line":86,"column":0},"end":{"line":86,"column":65}},"86":{"start":{"line":87,"column":0},"end":{"line":87,"column":5}},"87":{"start":{"line":88,"column":0},"end":{"line":88,"column":2}},"88":{"start":{"line":89,"column":0},"end":{"line":89,"column":35}},"89":{"start":{"line":90,"column":0},"end":{"line":90,"column":14}},"90":{"start":{"line":91,"column":0},"end":{"line":91,"column":55}},"91":{"start":{"line":92,"column":0},"end":{"line":92,"column":53}},"92":{"start":{"line":93,"column":0},"end":{"line":93,"column":54}},"93":{"start":{"line":94,"column":0},"end":{"line":94,"column":4}},"94":{"start":{"line":95,"column":0},"end":{"line":95,"column":0}},"95":{"start":{"line":96,"column":0},"end":{"line":96,"column":17}},"96":{"start":{"line":97,"column":0},"end":{"line":97,"column":67}},"97":{"start":{"line":98,"column":0},"end":{"line":98,"column":64}},"98":{"start":{"line":99,"column":0},"end":{"line":99,"column":65}},"99":{"start":{"line":100,"column":0},"end":{"line":100,"column":65}},"100":{"start":{"line":101,"column":0},"end":{"line":101,"column":63}},"101":{"start":{"line":102,"column":0},"end":{"line":102,"column":63}},"102":{"start":{"line":103,"column":0},"end":{"line":103,"column":57}},"103":{"start":{"line":104,"column":0},"end":{"line":104,"column":4}},"104":{"start":{"line":105,"column":0},"end":{"line":105,"column":1}}},"s":{"0":1,"1":1,"2":1,"3":1,"4":1,"5":1,"6":1,"7":1,"8":1,"9":1,"10":1,"11":1,"12":1,"13":1,"14":1,"15":1,"16":1,"17":1,"18":1,"19":1,"20":1,"21":1,"22":1,"23":1,"24":1,"25":1,"26":1,"27":1,"28":1,"29":1,"30":1,"31":1,"32":1,"33":1,"34":1,"35":1,"36":1,"37":1,"38":1,"39":1,"40":1,"41":1,"42":1,"43":1,"44":1,"45":1,"46":1,"47":1,"48":1,"49":1,"50":1,"51":1,"52":1,"53":1,"54":1,"55":1,"56":1,"57":1,"58":1,"59":1,"60":1,"61":1,"62":1,"63":1,"64":1,"65":1,"66":1,"67":1,"68":1,"69":1,"70":1,"71":1,"72":1,"73":1,"74":1,"75":1,"76":1,"77":1,"78":1,"79":1,"80":1,"81":1,"82":1,"83":1,"84":1,"85":1,"86":1,"87":1,"88":1,"89":1,"90":1,"91":1,"92":1,"93":1,"94":1,"95":1,"96":1,"97":1,"98":1,"99":1,"100":1,"101":1,"102":1,"103":1,"104":1},"branchMap":{"0":{"type":"branch","line":89,"loc":{"start":{"line":89,"column":13},"end":{"line":89,"column":34}},"locations":[{"start":{"line":89,"column":13},"end":{"line":89,"column":34}}]},"1":{"type":"branch","line":1,"loc":{"start":{"line":1,"column":0},"end":{"line":1,"column":26}},"locations":[{"start":{"line":1,"column":0},"end":{"line":1,"column":26}}]},"2":{"type":"branch","line":1,"loc":{"start":{"line":1,"column":0},"end":{"line":1,"column":26}},"locations":[{"start":{"line":1,"column":0},"end":{"line":1,"column":26}}]},"3":{"type":"branch","line":1,"loc":{"start":{"line":1,"column":0},"end":{"line":1,"column":26}},"locations":[{"start":{"line":1,"column":0},"end":{"line":1,"column":26}}]},"4":{"type":"branch","line":1,"loc":{"start":{"line":1,"column":0},"end":{"line":1,"column":26}},"locations":[{"start":{"line":1,"column":0},"end":{"line":1,"column":26}}]},"5":{"type":"branch","line":1,"loc":{"start":{"line":1,"column":0},"end":{"line":1,"column":26}},"locations":[{"start":{"line":1,"column":0},"end":{"line":1,"column":26}}]},"6":{"type":"branch","line":1,"loc":{"start":{"line":1,"column":0},"end":{"line":1,"column":26}},"locations":[{"start":{"line":1,"column":0},"end":{"line":1,"column":26}}]},"7":{"type":"branch","line":1,"loc":{"start":{"line":1,"column":0},"end":{"line":1,"column":26}},"locations":[{"start":{"line":1,"column":0},"end":{"line":1,"column":26}}]},"8":{"type":"branch","line":1,"loc":{"start":{"line":1,"column":0},"end":{"line":1,"column":26}},"locations":[{"start":{"line":1,"column":0},"end":{"line":1,"column":26}}]},"9":{"type":"branch","line":1,"loc":{"start":{"line":1,"column":0},"end":{"line":1,"column":26}},"locations":[{"start":{"line":1,"column":0},"end":{"line":1,"column":26}}]},"10":{"type":"branch","line":1,"loc":{"start":{"line":1,"column":0},"end":{"line":1,"column":26}},"locations":[{"start":{"line":1,"column":0},"end":{"line":1,"column":26}}]},"11":{"type":"branch","line":1,"loc":{"start":{"line":1,"column":0},"end":{"line":1,"column":26}},"locations":[{"start":{"line":1,"column":0},"end":{"line":1,"column":26}}]},"12":{"type":"branch","line":1,"loc":{"start":{"line":1,"column":0},"end":{"line":1,"column":26}},"locations":[{"start":{"line":1,"column":0},"end":{"line":1,"column":26}}]},"13":{"type":"branch","line":1,"loc":{"start":{"line":1,"column":0},"end":{"line":1,"column":26}},"locations":[{"start":{"line":1,"column":0}
[...]
umn":139}},"25":{"start":{"line":26,"column":0},"end":{"line":26,"column":24}},"26":{"start":{"line":27,"column":0},"end":{"line":27,"column":0}},"27":{"start":{"line":28,"column":0},"end":{"line":28,"column":26}},"28":{"start":{"line":29,"column":0},"end":{"line":29,"column":25}},"29":{"start":{"line":30,"column":0},"end":{"line":30,"column":25}},"30":{"start":{"line":31,"column":0},"end":{"line":31,"column":30}},"31":{"start":{"line":32,"column":0},"end":{"line":32,"column":24}},"32":{"start":{"line":33,"column":0},"end":{"line":33,"column":0}},"33":{"start":{"line":34,"column":0},"end":{"line":34,"column":32}},"34":{"start":{"line":35,"column":0},"end":{"line":35,"column":29}},"35":{"start":{"line":36,"column":0},"end":{"line":36,"column":31}},"36":{"start":{"line":37,"column":0},"end":{"line":37,"column":0}},"37":{"start":{"line":38,"column":0},"end":{"line":38,"column":39}},"38":{"start":{"line":39,"column":0},"end":{"line":39,"column":29}},"39":{"start":{"line":40,"column":0},"end":{"line":40,"column":0}},"40":{"start":{"line":41,"column":0},"end":{"line":41,"column":40}},"41":{"start":{"line":42,"column":0},"end":{"line":42,"column":0}},"42":{"start":{"line":43,"column":0},"end":{"line":43,"column":20}},"43":{"start":{"line":44,"column":0},"end":{"line":44,"column":63}},"44":{"start":{"line":45,"column":0},"end":{"line":45,"column":3}},"45":{"start":{"line":46,"column":0},"end":{"line":46,"column":0}},"46":{"start":{"line":47,"column":0},"end":{"line":47,"column":23}},"47":{"start":{"line":48,"column":0},"end":{"line":48,"column":48}},"48":{"start":{"line":49,"column":0},"end":{"line":49,"column":21}},"49":{"start":{"line":50,"column":0},"end":{"line":50,"column":3}},"50":{"start":{"line":51,"column":0},"end":{"line":51,"column":0}},"51":{"start":{"line":52,"column":0},"end":{"line":52,"column":22}},"52":{"start":{"line":53,"column":0},"end":{"line":53,"column":47}},"53":{"start":{"line":54,"column":0},"end":{"line":54,"column":27}},"54":{"start":{"line":55,"column":0},"end":{"line":55,"column":27}},"55":{"start":{"line":56,"column":0},"end":{"line":56,"column":47}},"56":{"start":{"line":57,"column":0},"end":{"line":57,"column":0}},"57":{"start":{"line":58,"column":0},"end":{"line":58,"column":23}},"58":{"start":{"line":59,"column":0},"end":{"line":59,"column":26}},"59":{"start":{"line":60,"column":0},"end":{"line":60,"column":32}},"60":{"start":{"line":61,"column":0},"end":{"line":61,"column":30}},"61":{"start":{"line":62,"column":0},"end":{"line":62,"column":0}},"62":{"start":{"line":63,"column":0},"end":{"line":63,"column":27}},"63":{"start":{"line":64,"column":0},"end":{"line":64,"column":67}},"64":{"start":{"line":65,"column":0},"end":{"line":65,"column":12}},"65":{"start":{"line":66,"column":0},"end":{"line":66,"column":30}},"66":{"start":{"line":67,"column":0},"end":{"line":67,"column":8}},"67":{"start":{"line":68,"column":0},"end":{"line":68,"column":13}},"68":{"start":{"line":69,"column":0},"end":{"line":69,"column":5}},"69":{"start":{"line":70,"column":0},"end":{"line":70,"column":0}},"70":{"start":{"line":71,"column":0},"end":{"line":71,"column":29}},"71":{"start":{"line":72,"column":0},"end":{"line":72,"column":21}},"72":{"start":{"line":73,"column":0},"end":{"line":73,"column":24}},"73":{"start":{"line":74,"column":0},"end":{"line":74,"column":30}},"74":{"start":{"line":75,"column":0},"end":{"line":75,"column":25}},"75":{"start":{"line":76,"column":0},"end":{"line":76,"column":28}},"76":{"start":{"line":77,"column":0},"end":{"line":77,"column":25}},"77":{"start":{"line":78,"column":0},"end":{"line":78,"column":92}},"78":{"start":{"line":79,"column":0},"end":{"line":79,"column":27}},"79":{"start":{"line":80,"column":0},"end":{"line":80,"column":19}},"80":{"start":{"line":81,"column":0},"end":{"line":81,"column":10}},"81":{"start":{"line":82,"column":0},"end":{"line":82,"column":14}},"82":{"start":{"line":83,"column":0},"end":{"line":83,"column":6}},"83":{"start":{"line":84,"column":0},"end":{"line":84,"column":3}},"84":{"start":{"line":85,"column":0},"end":{"line":85,"column":0}},"85":{"start":{"line":86,"column":0},"end":{"line":86,"column":23}},"86":{"start":{"line":87,"column":0},"end":{"line":87,"column":23}},"87":{"start":{"line":88,"column":0},"end":{"line":88,"column":3}},"88":{"start":{"line":89,"column":0},"end":{"line":89,"column":0}},"89":{"start":{"line":90,"column":0},"end":{"line":90,"column":48}},"90":{"start":{"line":91,"column":0},"end":{"line":91,"column":23}},"91":{"start":{"line":92,"column":0},"end":{"line":92,"column":31}},"92":{"start":{"line":93,"column":0},"end":{"line":93,"column":21}},"93":{"start":{"line":94,"column":0},"end":{"line":94,"column":24}},"94":{"start":{"line":95,"column":0},"end":{"line":95,"column":67}},"95":{"start":{"line":96,"column":0},"end":{"line":96,"column":24}},"96":{"start":{"line":97,"column":0},"end":{"line":97,"column":9}},"97":{"start":{"line":98,"column":0},"end":{"line":98,"column":15}},"98":{"start":{"line":99,"column":0},"end":{"line":99,"column":6}},"99":{"start":{"line":100,"column":0},"end":{"line":100,"column":3}},"100":{"start":{"line":101,"column":0},"end":{"line":101,"column":0}},"101":{"start":{"line":102,"column":0},"end":{"line":102,"column":18}},"102":{"start":{"line":103,"column":0},"end":{"line":103,"column":23}},"103":{"start":{"line":104,"column":0},"end":{"line":104,"column":13}},"104":{"start":{"line":105,"column":0},"end":{"line":105,"column":5}},"105":{"start":{"line":106,"column":0},"end":{"line":106,"column":24}},"106":{"start":{"line":107,"column":0},"end":{"line":107,"column":40}},"107":{"start":{"line":108,"column":0},"end":{"line":108,"column":30}},"108":{"start":{"line":109,"column":0},"end":{"line":109,"column":25}},"109":{"start":{"line":110,"column":0},"end":{"line":110,"column":3}},"110":{"start":{"line":111,"column":0},"end":{"line":111,"column":0}},"111":{"start":{"line":112,"column":0},"end":{"line":112,"column":33}},"112":{"start":{"line":113,"column":0},"end":{"line":113,"column":36}},"113":{"start":{"line":114,"column":0},"end":{"line":114,"column":16}},"114":{"start":{"line":115,"column":0},"end":{"line":115,"column":28}},"115":{"start":{"line":116,"column":0},"end":{"line":116,"column":34}},"116":{"start":{"line":117,"column":0},"end":{"line":117,"column":14}},"117":{"start":{"line":118,"column":0},"end":{"line":118,"column":57}},"118":{"start":{"line":119,"column":0},"end":{"line":119,"column":37}},"119":{"start":{"line":120,"column":0},"end":{"line":120,"column":45}},"120":{"start":{"line":121,"column":0},"end":{"line":121,"column":54}},"121":{"start":{"line":122,"column":0},"end":{"line":122,"column":14}},"122":{"start":{"line":123,"column":0},"end":{"line":123,"column":38}},"123":{"start":{"line":124,"column":0},"end":{"line":124,"column":70}},"124":{"start":{"line":125,"column":0},"end":{"line":125,"column":7}},"125":{"start":{"line":126,"column":0},"end":{"line":126,"column":6}},"126":{"start":{"line":127,"column":0},"end":{"line":127,"column":48}},"127":{"start":{"line":128,"column":0},"end":{"line":128,"column":3}},"128":{"start":{"line":129,"column":0},"end":{"line":129,"column":0}},"129":{"start":{"line":130,"column":0},"end":{"line":130,"column":31}},"130":{"start":{"line":131,"column":0},"end":{"line":131,"column":21}},"131":{"start":{"line":132,"column":0},"end":{"line":132,"column":28}},"132":{"start":{"line":133,"column":0},"end":{"line":133,"column":13}},"133":{"start":{"line":134,"column":0},"end":{"line":134,"column":5}},"134":{"start":{"line":135,"column":0},"end":{"line":135,"column":70}},"135":{"start":{"line":136,"column":0},"end":{"line":136,"column":59}},"136":{"start":{"line":137,"column":0},"end":{"line":137,"column":43}},"137":{"start":{"line":138,"column":0},"end":{"line":138,"column":3}},"138":{"start":{"line":139,"column":0},"end":{"line":139,"column":1}}},"s":{"0":9,"1":1,"2":1,"3":1,"4":1,"5":1,"6":1,"7":1,"8":1,"9":1,"10":1,"11":1,"12":1,"13":1,"14":1,"15":1,"16":1,"17":1,"18":1,"19":1,"20":1,"21":1,"22":1,"23":1,"24":1,"25":1,"26":1,"27":1,"28":1,"29":1,"30":1,"31":1,"32":1,"33":1,"34":1,"35":1,"36":1,"37":1,"38":1,"39":1,"40":1,"41":1,"42":1,"43":2,"44":2,"45":1,"46":1,"47":2,"48":2,"49":2,"50":1,"51":1,"52":6,"53":5,"54":5,"55":5,"56":5,"57":5,"58":5,"59":5,"60":5,"61":5,"62":5,"63":5,"64":5,"65":5,"66":5,"67":5,"68":5,"69":6,"70":6,"71":1,"72":1,"73":1,"74":1,"75":1,"76":1,"77":1,"78":1,"79":1,"80":1,"81":1,"82":1,"83":6,"84":1,"85":1,"86":2,"87":2,"88":1,"89":1,"90":3,"91":3,"92":3,"93":3,"94":3,"95":1,"96":1,"97":3,"98":3,"99":3,"100":1,"101":1,"102":3,"103":1,"104":1,"105":3,"106":2,"107":2,"108":2,"109":3,"110":1,"111":1,"112":2,"113":2,"114":2,"115":13,"116":12,"117":12,"118":12,"119":12,"120":12,"121":13,"122":1,"123":1,"124":1,"125":13,"126":2,"127":2,"128":1,"129":1,"130":5,"131":2,"132":2,"133":2,"134":5,"135":5,"136":3,"137":5,"138":1},"branchMap":{"0":{"type":"branch","line":19,"loc":{"start":{"line":19,"column":13},"end":{"line":19,"column":60}},"locations":[{"start":{"line":19,"column":13},"end":{"line":19,"column":60}}]},"1":{"type":"branch","line":1,"loc":{"start":{"line":1,"column":0},"end":{"line":1,"column":8}},"locations":[{"start":{"line":1,"column":0},"end":{"line":1,"column":8}}]},"2":{"type":"branch","line":1,"loc":{"start":{"line":1,"column":0},"end":{"line":1,"column":8}},"locations":[{"start":{"line":1,"column":0},"end":{"line":1,"column":8}}]},"3":{"type":"branch","line":1,"loc":{"start":{"line":1,"column":0},"end":{"line":1,"column":8}},"locations":[{"start":{"line":1,"column":0},"end":{"line":1,"column":8}}]},"4":{"type":"branch","line":1,"loc":{"start":{"line":1,"column":0},"end":{"line":1,"column":8}},"locations":[{"start":{"line":1,"column":0},"end":{"line":1,"column":8}}]},"5":{"type":"branch","line":1,"loc":{"start":{"line":1,"column":0},"end":{"line":1,"column":8}},"locations":[{"start":{"line":1,"column":0},"end":{"line":1,"column":8}}]},"6":{"type":"branch","line":1,"loc":{"start":{"line":1,"column":0},"end":{"line":1,"column":8}},"locations":[{"start":{"line":1,"column":0},"end":{"line":1,"column":8}}]},"7":{"type":"branch","line":1,"loc":{"start":{"line":1,"column":0},"end":{"line":1,"column":8}},"locations":[{"start":{"line":1,"column":0},"end":{"line":1,"column":8}}]},"8":{"type":"branch","line":1,"loc":{"start":{"line":1,"column":0},"end":{"line":1,"column":8}},"locations":[{"start":{"line":1,"column":0},"end":{"line":1,"column":8}}]},"9":{"type":"branch","line":1,"loc":{"start":{"line":1,"column":0},"end":{"line":1,"column":8}},"locations":[{"start":{"line":1,"column":0},"end":{"line":1,"column":8}}]},"10":{"type":"branch","line":1,"loc":{"start":{"line":1,"column":0},"end":{"line":1,"column":8}},"locations":[{"start":{"line":1,"column":0},"end":{"line":1,"column":8}}]},"11":{"type":"branch","line":1,"loc":{"start":{"line":1,"column":0},"end":{"line":1,"column":8}},"locations":[{"start":{"line":1,"column":0},"end":{"line":1,"column":8}}]},"12":{"type":"branch","line":1,"loc":{"start":{"line":1,"column":0},"end":{"line":1,"column":8}},"locations":[{"start":{"line":1,"column":0},"end":{"line":1,"column":8}}]},"13":{"type":"branch","line":1,"loc":{"start":{"line":1,"column":0},"end":{"line":1,"column":8}},"locations":[{"start":{"line":1,"column":0},"end":{"line":1,"column":8}}]},"14":{"type":"branch","line":1,"loc":{"start":{"line":1,"column":0},"end":{"line":1,"column":8}},"locations":[{"start":{"line":1,"column":0},"end":{"line":1,"column":8}}]},"15":{"type":"branch","line":41,"loc":{"start":{"line":41,"column":2},"end":{"line":41,"column":40}},"locations":[{"start":{"line":41,"column":2},"end":{"line":41,"column":40}}]},"16":{"type":"branch","line":43,"loc":{"start":{"line":43,"column":2},"end":{"line":45,"column":3}},"locations":[{"start":{"line":43,"column":2},"end":{"line":45,"column":3}}]},"17":{"type":"branch","line":44,"loc":{"start":{"line":44,"column":32},"end":{"line":44,"column":57}},"locations":[{"start":{"line":44,"column":32},"end":{"line":44,"column":57}}]},"18":{"type":"branch","line":47,"loc":{"start":{"line":47,"column":2},"end":{"line":50,"column":3}},"locations":[{"start":{"line":47,"column":2},"end":{"line":50,"column":3}}]},"19":{"type":"branch","line":48,"loc":{"start":{"line":48,"column":25},"end":{"line":48,"column":46}},"locations":[{"start":{"line":48,"column":25},"end":{"line":48,"column":46}}]},"20":{"type":"branch","line":52,"loc":{"start":{"line":52,"column":2},"end":{"line":84,"column":3}},"locations":[{"start":{"line":52,"column":2},"end":{"line":84,"column":3}}]},"21":{"type":"branch","line":53,"loc":{"start":{"line":53,"column":46},"end":{"line":69,"column":5}},"locations":[{"start":{"line":53,"column":46},"end":{"line":69,"column":5}}]},"22":{"type":"branch","line":71,"loc":{"start":{"line":71,"column":4},"end":{"line":83,"column":6}},"locations":[{"start":{"line":71,"column":4},"end":{"line":83,"column":6}}]},"23":{"type":"branch","line":59,"loc":{"start":{"line":59,"column":19},"end":{"line":66,"column":11}},"locations":[{"start":{"line":59,"column":19},"end":{"line":66,"column":11}}]},"24":{"type":"branch","line":64,"loc":{"start":{"line":64,"column":23},"end":{"line":64,"column":48}},"locations":[{"start":{"line":64,"column":23},"end":{"line":64,"column":48}}]},"25":{"type":"branch","line":73,"loc":{"start":{"line":73,"column":17},"end":{"line":82,"column":9}},"locations":[{"start":{"line":73,"column":17},"end":{"line":82,"column":9}}]},"26":{"type":"branch","line":76,"loc":{"start":{"line":76,"column":21},"end":{"line":80,"column":13}},"locations":[{"start":{"line":76,"column":21},"end":{"line":80,"column":13}}]},"27":{"type":"branch","line":86,"loc":{"start":{"line":86,"column":2},"end":{"line":88,"column":3}},"locations":[{"start":{"line":86,"column":2},"end":{"line":88,"column":3}}]},"28":{"type":"branch","line":90,"loc":{"start":{"line":90,"column":2},"end":{"line":100,"column":3}},"locations":[{"start":{"line":90,"column":2},"end":{"line":100,"column":3}}]},"29":{"type":"branch","line":94,"loc":{"start":{"line":94,"column":17},"end":{"line":98,"column":9}},"locations":[{"start":{"line":94,"column":17},"end":{"line":98,"column":9}}]},"30":{"type":"branch","line":95,"loc":{"start":{"line":95,"column":30},"end":{"line":95,"column":66}},"locations":[{"start":{"line":95,"column":30},"end":{"line":95,"column":66}}]},"31":{"type":"branch","line":95,"loc":{"start":{"line":95,"column":66},"end":{"line":97,"column":9}},"locations":[{"start":{"line":95,"column":66},"end":{"line":97,"column":9}}]},"32":{"type":"branch","line":102,"loc":{"start":{"line":102,"column":2},"end":{"line":110,"column":3}},"locations":[{"start":{"line":102,"column":2},"end":{"line":110,"column":3}}]},"33":{"type":"branch","line":103,"loc":{"start":{"line":103,"column":22},"end":{"line":105,"column":5}},"locations":[{"start":{"line":103,"column":22},"end":{"line":105,"column":5}}]},"34":{"type":"branch","line":106,"loc":{"start":{"line":106,"column":4},"end":{"line":109,"column":25}},"locations":[{"start":{"line":106,"column":4},"end":{"line":109,"column":25}}]},"35":{"type":"branch","line":112,"loc":{"start":{"line":112,"column":10},"end":{"line":128,"column":3}},"locations":[{"start":{"line":112,"column":10},"end":{"line":128,"column":3}}]},"36":{"type":"branch","line":115,"loc":{"start":{"line":115,"column":21},"end":{"line":126,"column":6}},"locations":[{"start":{"line":115,"column":21},"end":{"line":126,"column":6}}]},"37":{"type":"branch","line":116,"loc":{"start":{"line":116,"column":33},"end":{"line":122,"column":13}},"locations":[{"start":{"line":116,"column":33},"end":{"line":122,"column":13}}]},"38":{"type":"branch","line":120,"loc":{"start":{"line":120,"column":29},"end":{"line":120,"column":41}},"locations":[{"start":{"line":120,"column":29},"end":{"line":120,"column":41}}]},"39":{"type":"branch","line":122,"loc":{"start":{"line":122,"column":6},"end":{"line":125,"column":7}},"locations":[{"start":{"line":122,"column":6},"end":{"line":125,"column":7}}]},"40":{"type":"branch","line":124,"loc":{"start":{"line":124,"column":36},"end":{"line":124,"column":64}},"locations":[{"start":{"line":124,"column":36},"end":{"line":124,"column":64}}]},"41":{"type":"branch","line":130,"loc":{"start":{"line":130,"column":10},"end":{"line":138,"column":3}},"locations":[{"start":{"line":130,"column":10},"end":{"line":138,"column":3}}]},"42":{"type":"branch","line":131,"loc":{"start":{"line":131,"column":20},"end":{"line":134,"column":5}},"locations":[{"start":{"line":131,"column":20},"end":{"line":134,"column":5}}]},"43":{"type":"branch","line":136,"loc":{"start":{"line":136,"column":4},"end":{"line":137,"column":43}},"locations":[{"start":{"line":136,"column":4},"end":{"line":137,"column":43}}]}},"b":{"0":[0],"1":[3],"2":[1],"3":[1],"4":[0],"5":[9],"6":[1],"7":[2],"8":[1],"9":[0],"10":[1],"11":[1],"12":[1],"13":[0],"14":[9],"15":[8],"16":[2],"17":[1],"18":[2],"19":[14],"20":[6],"21":[5],"22":[1],"23":[5],"24":[5],"25":[1],"26":[1],"27":[2],"28":[3],"29":[3],"30":[2],"31":[1],"32":[3],"33":[1],"34":[2],"35":[2],"36":[13],"37":[12],"38":[0],"39":[1],"40":[1],"41":[5],"42":[2],"43":[3]},"fnMap":{"0":{"name":"__name","decl":{"start":{"line":1,"column":0},"end":{"line":1,"column":8}},"loc":{"start":{"line":1,"column":0},"end":{"line":1,"column":8}},"line":1},"1":{"name":"__export","decl":{"start":{"line":1,"column":0},"end":{"line":1,"column":8}},"loc":{"start":{"line":1,"column":0},"end":{"line":1,"column":8}},"line":1},"2":{"name":"__copyProps","decl":{"start":{"line":1,"column":0},"end":{"line":1,"column":8}},"loc":{"start":{"line":1,"column":0},"end":{"line":1,"column":8}},"line":1},"3":{"name":"get","decl":{"start":{"line":1,"column":0},"end":{"line":1,"column":8}},"loc":{"start":{"line":1,"column":0},"end":{"line":1,"column":8}},"line":1},"4":{"name":"__toCommonJS","decl":{"start":{"line":1,"column":0},"end":{"line":1,"column":8}},"loc":{"start":{"line":1,"column":0},"end":{"line":1,"column":8}},"line":1},"5":{"name":"__decorateClass","decl":{"start":{"line":1,"column":0},"end":{"line":1,"column":8}},"loc":{"start":{"line":1,"column":0},"end":{"line":1,"column":8}},"line":1},"6":{"name":"YourNameComponent","decl":{"start":{"line":1,"column":0},"end":{"line":1,"column":8}},"loc":{"start":{"line":1,"column":0},"end":{"line":1,"column":8}},"line":1},"7":{"name":"YourNameComponent","decl":{"start":{"line":41,"column":2},"end":{"line":41,"column":40}},"loc":{"start":{"line":41,"column":2},"end":{"line":41,"column":40}},"line":41},"8":{"name":"ngOnInit","decl":{"start":{"line":43,"column":2},"end":{"line":45,"column":3}},"loc":{"start":{"line":43,"column":2},"end":{"line":45,"column":3}},"line":43},"9":{"name":"ngOnDestroy","decl":{"start":{"line":47,"column":2},"end":{"line":50,"column":3}},"loc":{"start":{"line":47,"column":2},"end":{"line":50,"column":3}},"line":47},"10":{"name":"nextMeText","decl":{"start":{"line":52,"column":2},"end":{"line":84,"column":3}},"loc":{"start":{"line":52,"column":2},"end":{"line":84,"column":3}},"line":52},"11":{"name":"onNameInput","decl":{"start":{"line":86,"column":2},"end":{"line":88,"column":3}},"loc":{"start":{"line":86,"column":2},"end":{"line":88,"column":3}},"line":86},"12":{"name":"checkName","decl":{"start":{"line":90,"column":2},"end":{"line":100,"column":3}},"loc":{"start":{"line":90,"column":2},"end":{"line":100,"column":3}},"line":90},"13":{"name":"moveOn","decl":{"start":{"line":102,"column":2},"end":{"line":110,"column":3}},"loc":{"start":{"line":102,"column":2},"end":{"line":110,"column":3}},"line":102},"14":{"name":"typeAmHereNow","decl":{"start":{"line":112,"column":10},"end":{"line":128,"column":3}},"loc":{"start":{"line":112,"column":10},"end":{"line":128,"column":3}},"line":112},"15":{"name":"resizeInput","decl":{"start":{"line":130,"column":10},"end":{"line":138,"column":3}},"loc":{"start":{"line":130,"column":10},"end":{"line":138,"column":3}},"line":130}},"f":{"0":3,"1":1,"2":1,"3":9,"4":1,"5":2,"6":9,"7":8,"8":2,"9":2,"10":6,"11":2,"12":3,"13":3,"14":2,"15":5}}
}
